<?xml version="1.0" encoding="UTF-8"?>
<coverage generated="1769038143479" clover="3.2.0">
  <project timestamp="1769038143480" name="All files">
    <metrics statements="598" coveredstatements="598" conditionals="269" coveredconditionals="269" methods="111" coveredmethods="111" elements="978" coveredelements="978" complexity="0" loc="598" ncloc="598" packages="13" files="18" classes="18"/>
    <package name="components.AddColorUIComponent">
      <metrics statements="10" coveredstatements="10" conditionals="4" coveredconditionals="4" methods="4" coveredmethods="4"/>
      <file name="AddColorUIComponent.tsx" path="/Users/atta/paint-mixer/src/components/AddColorUIComponent/AddColorUIComponent.tsx">
        <metrics statements="10" coveredstatements="10" conditionals="4" coveredconditionals="4" methods="4" coveredmethods="4"/>
        <line num="1" count="1" type="stmt"/>
        <line num="2" count="1" type="stmt"/>
        <line num="3" count="1" type="stmt"/>
        <line num="4" count="1" type="stmt"/>
        <line num="14" count="1" type="stmt"/>
        <line num="15" count="7" type="stmt"/>
        <line num="24" count="1" type="stmt"/>
        <line num="38" count="1" type="stmt"/>
        <line num="39" count="1" type="stmt"/>
        <line num="48" count="1" type="stmt"/>
      </file>
    </package>
    <package name="components.ColorBoxUI">
      <metrics statements="11" coveredstatements="11" conditionals="22" coveredconditionals="22" methods="2" coveredmethods="2"/>
      <file name="ColorBoxUI.tsx" path="/Users/atta/paint-mixer/src/components/ColorBoxUI/ColorBoxUI.tsx">
        <metrics statements="11" coveredstatements="11" conditionals="22" coveredconditionals="22" methods="2" coveredmethods="2"/>
        <line num="1" count="1" type="stmt"/>
        <line num="2" count="1" type="stmt"/>
        <line num="6" count="1" type="stmt"/>
        <line num="7" count="1" type="stmt"/>
        <line num="10" count="1" type="stmt"/>
        <line num="11" count="1" type="stmt"/>
        <line num="12" count="1" type="stmt"/>
        <line num="26" count="1" type="stmt"/>
        <line num="27" count="12" type="stmt"/>
        <line num="46" count="1" type="stmt"/>
        <line num="81" count="1" type="stmt"/>
      </file>
    </package>
    <package name="components.ColorPicker">
      <metrics statements="15" coveredstatements="15" conditionals="6" coveredconditionals="6" methods="4" coveredmethods="4"/>
      <file name="ColorPicker.tsx" path="/Users/atta/paint-mixer/src/components/ColorPicker/ColorPicker.tsx">
        <metrics statements="15" coveredstatements="15" conditionals="6" coveredconditionals="6" methods="4" coveredmethods="4"/>
        <line num="1" count="1" type="stmt"/>
        <line num="2" count="1" type="stmt"/>
        <line num="3" count="1" type="stmt"/>
        <line num="4" count="1" type="stmt"/>
        <line num="5" count="1" type="stmt"/>
        <line num="6" count="1" type="stmt"/>
        <line num="7" count="1" type="stmt"/>
        <line num="8" count="1" type="stmt"/>
        <line num="9" count="1" type="stmt"/>
        <line num="18" count="1" type="stmt"/>
        <line num="19" count="6" type="stmt"/>
        <line num="34" count="1" type="stmt"/>
        <line num="39" count="1" type="stmt"/>
        <line num="54" count="1" type="stmt"/>
        <line num="71" count="1" type="stmt"/>
      </file>
    </package>
    <package name="components.ColorSwatches">
      <metrics statements="24" coveredstatements="24" conditionals="27" coveredconditionals="27" methods="11" coveredmethods="11"/>
      <file name="ColorSwatches.tsx" path="/Users/atta/paint-mixer/src/components/ColorSwatches/ColorSwatches.tsx">
        <metrics statements="24" coveredstatements="24" conditionals="27" coveredconditionals="27" methods="11" coveredmethods="11"/>
        <line num="1" count="1" type="stmt"/>
        <line num="2" count="1" type="stmt"/>
        <line num="3" count="1" type="stmt"/>
        <line num="4" count="1" type="stmt"/>
        <line num="5" count="1" type="stmt"/>
        <line num="6" count="1" type="stmt"/>
        <line num="17" count="1" type="stmt"/>
        <line num="19" count="22" type="stmt"/>
        <line num="20" count="22" type="stmt"/>
        <line num="21" count="22" type="stmt"/>
        <line num="23" count="22" type="stmt"/>
        <line num="29" count="38" type="stmt"/>
        <line num="45" count="5" type="cond" truecount="2" falsecount="0"/>
        <line num="54" count="1" type="stmt"/>
        <line num="63" count="2" type="stmt"/>
        <line num="65" count="2" type="stmt"/>
        <line num="66" count="2" type="stmt"/>
        <line num="77" count="2" type="stmt"/>
        <line num="78" count="2" type="stmt"/>
        <line num="89" count="1" type="stmt"/>
        <line num="105" count="1" type="stmt"/>
        <line num="109" count="7" type="stmt"/>
        <line num="128" count="1" type="stmt"/>
        <line num="142" count="1" type="stmt"/>
      </file>
    </package>
    <package name="components.ExtractedColorsPanel">
      <metrics statements="21" coveredstatements="21" conditionals="26" coveredconditionals="26" methods="9" coveredmethods="9"/>
      <file name="ExtractedColorsPanel.tsx" path="/Users/atta/paint-mixer/src/components/ExtractedColorsPanel/ExtractedColorsPanel.tsx">
        <metrics statements="21" coveredstatements="21" conditionals="26" coveredconditionals="26" methods="9" coveredmethods="9"/>
        <line num="1" count="1" type="stmt"/>
        <line num="2" count="1" type="stmt"/>
        <line num="3" count="1" type="stmt"/>
        <line num="16" count="1" type="stmt"/>
        <line num="18" count="1" type="stmt"/>
        <line num="19" count="3" type="stmt"/>
        <line num="20" count="4" type="stmt"/>
        <line num="21" count="4" type="cond" truecount="8" falsecount="0"/>
        <line num="22" count="4" type="cond" truecount="2" falsecount="0"/>
        <line num="23" count="4" type="stmt"/>
        <line num="27" count="1" type="stmt"/>
        <line num="36" count="7" type="stmt"/>
        <line num="38" count="5" type="stmt"/>
        <line num="59" count="5" type="stmt"/>
        <line num="84" count="5" type="stmt"/>
        <line num="85" count="5" type="stmt"/>
        <line num="91" count="1" type="stmt"/>
        <line num="103" count="5" type="stmt"/>
        <line num="104" count="5" type="stmt"/>
        <line num="145" count="1" type="stmt"/>
        <line num="169" count="1" type="stmt"/>
      </file>
    </package>
    <package name="components.ImageUploader">
      <metrics statements="33" coveredstatements="33" conditionals="11" coveredconditionals="11" methods="8" coveredmethods="8"/>
      <file name="ImageUploader.tsx" path="/Users/atta/paint-mixer/src/components/ImageUploader/ImageUploader.tsx">
        <metrics statements="33" coveredstatements="33" conditionals="11" coveredconditionals="11" methods="8" coveredmethods="8"/>
        <line num="1" count="1" type="stmt"/>
        <line num="2" count="1" type="stmt"/>
        <line num="8" count="1" type="stmt"/>
        <line num="10" count="1" type="stmt"/>
        <line num="11" count="13" type="stmt"/>
        <line num="12" count="13" type="stmt"/>
        <line num="14" count="13" type="stmt"/>
        <line num="15" count="11" type="stmt"/>
        <line num="16" count="11" type="cond" truecount="1" falsecount="0"/>
        <line num="17" count="3" type="stmt"/>
        <line num="22" count="13" type="stmt"/>
        <line num="23" count="6" type="cond" truecount="4" falsecount="0"/>
        <line num="24" count="6" type="cond" truecount="1" falsecount="0"/>
        <line num="25" count="2" type="stmt"/>
        <line num="28" count="4" type="cond" truecount="1" falsecount="0"/>
        <line num="29" count="1" type="stmt"/>
        <line num="32" count="3" type="stmt"/>
        <line num="33" count="3" type="stmt"/>
        <line num="34" count="3" type="stmt"/>
        <line num="37" count="13" type="stmt"/>
        <line num="38" count="5" type="stmt"/>
        <line num="39" count="5" type="stmt"/>
        <line num="42" count="13" type="stmt"/>
        <line num="43" count="1" type="stmt"/>
        <line num="44" count="1" type="stmt"/>
        <line num="47" count="13" type="stmt"/>
        <line num="48" count="1" type="stmt"/>
        <line num="51" count="13" type="stmt"/>
        <line num="52" count="1" type="stmt"/>
        <line num="53" count="1" type="stmt"/>
        <line num="54" count="1" type="stmt"/>
        <line num="57" count="13" type="stmt"/>
        <line num="88" count="1" type="stmt"/>
      </file>
    </package>
    <package name="components.MixGraph">
      <metrics statements="7" coveredstatements="7" conditionals="0" coveredconditionals="0" methods="3" coveredmethods="3"/>
      <file name="MixGraph.tsx" path="/Users/atta/paint-mixer/src/components/MixGraph/MixGraph.tsx">
        <metrics statements="7" coveredstatements="7" conditionals="0" coveredconditionals="0" methods="3" coveredmethods="3"/>
        <line num="1" count="1" type="stmt"/>
        <line num="2" count="1" type="stmt"/>
        <line num="10" count="1" type="stmt"/>
        <line num="11" count="3" type="stmt"/>
        <line num="13" count="9" type="stmt"/>
        <line num="14" count="6" type="stmt"/>
        <line num="28" count="1" type="stmt"/>
      </file>
    </package>
    <package name="components.MixedColorContainer">
      <metrics statements="9" coveredstatements="9" conditionals="13" coveredconditionals="13" methods="1" coveredmethods="1"/>
      <file name="MixedColorContainer.tsx" path="/Users/atta/paint-mixer/src/components/MixedColorContainer/MixedColorContainer.tsx">
        <metrics statements="9" coveredstatements="9" conditionals="13" coveredconditionals="13" methods="1" coveredmethods="1"/>
        <line num="1" count="1" type="stmt"/>
        <line num="2" count="1" type="stmt"/>
        <line num="3" count="1" type="stmt"/>
        <line num="4" count="1" type="stmt"/>
        <line num="13" count="1" type="stmt"/>
        <line num="15" count="4" type="stmt"/>
        <line num="18" count="4" type="cond" truecount="1" falsecount="0"/>
        <line num="21" count="4" type="stmt"/>
        <line num="64" count="1" type="stmt"/>
      </file>
    </package>
    <package name="components.PaintNameSearch">
      <metrics statements="65" coveredstatements="65" conditionals="25" coveredconditionals="25" methods="12" coveredmethods="12"/>
      <file name="PaintNameSearch.tsx" path="/Users/atta/paint-mixer/src/components/PaintNameSearch/PaintNameSearch.tsx">
        <metrics statements="65" coveredstatements="65" conditionals="25" coveredconditionals="25" methods="12" coveredmethods="12"/>
        <line num="1" count="1" type="stmt"/>
        <line num="2" count="1" type="stmt"/>
        <line num="14" count="1" type="stmt"/>
        <line num="15" count="1" type="stmt"/>
        <line num="16" count="1" type="stmt"/>
        <line num="18" count="1" type="stmt"/>
        <line num="19" count="4" type="stmt"/>
        <line num="22" count="1" type="stmt"/>
        <line num="23" count="49" type="stmt"/>
        <line num="24" count="49" type="stmt"/>
        <line num="25" count="49" type="stmt"/>
        <line num="26" count="49" type="stmt"/>
        <line num="27" count="49" type="stmt"/>
        <line num="28" count="49" type="stmt"/>
        <line num="30" count="49" type="stmt"/>
        <line num="31" count="13" type="stmt"/>
        <line num="32" count="13" type="cond" truecount="1" falsecount="0"/>
        <line num="33" count="2" type="stmt"/>
        <line num="34" count="2" type="stmt"/>
        <line num="35" count="2" type="stmt"/>
        <line num="36" count="2" type="cond" truecount="2" falsecount="0"/>
        <line num="37" count="2" type="stmt"/>
        <line num="40" count="11" type="cond" truecount="3" falsecount="0"/>
        <line num="41" count="1" type="stmt"/>
        <line num="44" count="10" type="stmt"/>
        <line num="45" count="10" type="stmt"/>
        <line num="46" count="10" type="stmt"/>
        <line num="47" count="10" type="stmt"/>
        <line num="49" count="10" type="stmt"/>
        <line num="51" count="10" type="stmt"/>
        <line num="52" count="10" type="stmt"/>
        <line num="53" count="9" type="cond" truecount="1" falsecount="0"/>
        <line num="54" count="1" type="stmt"/>
        <line num="56" count="8" type="stmt"/>
        <line num="57" count="8" type="cond" truecount="1" falsecount="0"/>
        <line num="58" count="1" type="stmt"/>
        <line num="60" count="7" type="cond" truecount="6" falsecount="0"/>
        <line num="61" count="7" type="stmt"/>
        <line num="67" count="7" type="stmt"/>
        <line num="68" count="7" type="cond" truecount="1" falsecount="0"/>
        <line num="69" count="3" type="stmt"/>
        <line num="72" count="2" type="cond" truecount="1" falsecount="0"/>
        <line num="73" count="2" type="stmt"/>
        <line num="76" count="10" type="cond" truecount="1" falsecount="0"/>
        <line num="77" count="9" type="stmt"/>
        <line num="82" count="49" type="stmt"/>
        <line num="83" count="2" type="stmt"/>
        <line num="84" count="2" type="stmt"/>
        <line num="87" count="49" type="stmt"/>
        <line num="88" count="24" type="cond" truecount="1" falsecount="0"/>
        <line num="89" count="12" type="stmt"/>
        <line num="90" count="12" type="stmt"/>
        <line num="91" count="12" type="stmt"/>
        <line num="92" count="12" type="stmt"/>
        <line num="93" count="12" type="stmt"/>
        <line num="94" count="12" type="stmt"/>
        <line num="97" count="12" type="stmt"/>
        <line num="98" count="11" type="stmt"/>
        <line num="101" count="12" type="stmt"/>
        <line num="102" count="12" type="stmt"/>
        <line num="106" count="49" type="stmt"/>
        <line num="116" count="13" type="stmt"/>
        <line num="129" count="6" type="stmt"/>
        <line num="134" count="1" type="stmt"/>
        <line num="150" count="1" type="stmt"/>
      </file>
    </package>
    <package name="components.TargetColorContainer">
      <metrics statements="10" coveredstatements="10" conditionals="8" coveredconditionals="8" methods="3" coveredmethods="3"/>
      <file name="TargetColorContainer.tsx" path="/Users/atta/paint-mixer/src/components/TargetColorContainer/TargetColorContainer.tsx">
        <metrics statements="10" coveredstatements="10" conditionals="8" coveredconditionals="8" methods="3" coveredmethods="3"/>
        <line num="1" count="1" type="stmt"/>
        <line num="2" count="1" type="stmt"/>
        <line num="3" count="1" type="stmt"/>
        <line num="4" count="1" type="stmt"/>
        <line num="5" count="1" type="stmt"/>
        <line num="18" count="1" type="stmt"/>
        <line num="26" count="5" type="stmt"/>
        <line num="39" count="1" type="stmt"/>
        <line num="40" count="1" type="stmt"/>
        <line num="58" count="1" type="stmt"/>
      </file>
    </package>
    <package name="data.hooks">
      <metrics statements="59" coveredstatements="59" conditionals="11" coveredconditionals="11" methods="18" coveredmethods="18"/>
      <file name="useColorName.tsx" path="/Users/atta/paint-mixer/src/data/hooks/useColorName.tsx">
        <metrics statements="6" coveredstatements="6" conditionals="0" coveredconditionals="0" methods="2" coveredmethods="2"/>
        <line num="1" count="1" type="stmt"/>
        <line num="2" count="1" type="stmt"/>
        <line num="3" count="1" type="stmt"/>
        <line num="4" count="1" type="stmt"/>
        <line num="5" count="1" type="stmt"/>
        <line num="7" count="1" type="stmt"/>
      </file>
      <file name="usePaletteManager.ts" path="/Users/atta/paint-mixer/src/data/hooks/usePaletteManager.ts">
        <metrics statements="33" coveredstatements="33" conditionals="2" coveredconditionals="2" methods="10" coveredmethods="10"/>
        <line num="1" count="1" type="stmt"/>
        <line num="3" count="1" type="stmt"/>
        <line num="5" count="1" type="stmt"/>
        <line num="6" count="28" type="stmt"/>
        <line num="8" count="28" type="stmt"/>
        <line num="10" count="1" type="stmt"/>
        <line num="11" count="1" type="stmt"/>
        <line num="12" count="1" type="stmt"/>
        <line num="17" count="28" type="stmt"/>
        <line num="19" count="1" type="stmt"/>
        <line num="20" count="1" type="cond" truecount="1" falsecount="0"/>
        <line num="21" count="1" type="stmt"/>
        <line num="22" count="1" type="stmt"/>
        <line num="27" count="28" type="stmt"/>
        <line num="29" count="1" type="stmt"/>
        <line num="30" count="1" type="stmt"/>
        <line num="31" count="1" type="stmt"/>
        <line num="36" count="28" type="stmt"/>
        <line num="37" count="15" type="stmt"/>
        <line num="41" count="1" type="stmt"/>
        <line num="44" count="28" type="stmt"/>
        <line num="45" count="1" type="stmt"/>
        <line num="46" count="1" type="stmt"/>
        <line num="47" count="1" type="stmt"/>
        <line num="50" count="28" type="stmt"/>
        <line num="52" count="1" type="stmt"/>
        <line num="53" count="15" type="stmt"/>
        <line num="58" count="1" type="stmt"/>
        <line num="59" count="2" type="cond" truecount="1" falsecount="0"/>
        <line num="60" count="2" type="stmt"/>
        <line num="67" count="1" type="stmt"/>
        <line num="72" count="28" type="stmt"/>
        <line num="84" count="1" type="stmt"/>
      </file>
      <file name="useSwatchAdder.tsx" path="/Users/atta/paint-mixer/src/data/hooks/useSwatchAdder.tsx">
        <metrics statements="20" coveredstatements="20" conditionals="9" coveredconditionals="9" methods="6" coveredmethods="6"/>
        <line num="1" count="2" type="stmt"/>
        <line num="2" count="2" type="stmt"/>
        <line num="4" count="2" type="stmt"/>
        <line num="6" count="2" type="stmt"/>
        <line num="7" count="31" type="stmt"/>
        <line num="9" count="31" type="stmt"/>
        <line num="11" count="3" type="cond" truecount="2" falsecount="0"/>
        <line num="13" count="2" type="stmt"/>
        <line num="14" count="2" type="stmt"/>
        <line num="16" count="2" type="cond" truecount="6" falsecount="0"/>
        <line num="19" count="2" type="stmt"/>
        <line num="27" count="2" type="cond" truecount="1" falsecount="0"/>
        <line num="28" count="1" type="stmt"/>
        <line num="31" count="2" type="stmt"/>
        <line num="32" count="2" type="stmt"/>
        <line num="35" count="1" type="stmt"/>
        <line num="39" count="31" type="stmt"/>
        <line num="40" count="3" type="stmt"/>
        <line num="41" count="17" type="stmt"/>
        <line num="44" count="31" type="stmt"/>
      </file>
    </package>
    <package name="utils">
      <metrics statements="333" coveredstatements="333" conditionals="116" coveredconditionals="116" methods="36" coveredmethods="36"/>
      <file name="colorConversion.tsx" path="/Users/atta/paint-mixer/src/utils/colorConversion.tsx">
        <metrics statements="91" coveredstatements="91" conditionals="31" coveredconditionals="31" methods="9" coveredmethods="9"/>
        <line num="13" count="4" type="stmt"/>
        <line num="14" count="106" type="cond" truecount="4" falsecount="0"/>
        <line num="15" count="92" type="stmt"/>
        <line num="16" count="14" type="cond" truecount="2" falsecount="0"/>
        <line num="17" count="12" type="stmt"/>
        <line num="18" count="12" type="cond" truecount="1" falsecount="0"/>
        <line num="19" count="8" type="stmt"/>
        <line num="21" count="4" type="stmt"/>
        <line num="23" count="2" type="stmt"/>
        <line num="33" count="4" type="stmt"/>
        <line num="34" count="6" type="stmt"/>
        <line num="35" count="6" type="cond" truecount="1" falsecount="0"/>
        <line num="36" count="4" type="stmt"/>
        <line num="42" count="2" type="stmt"/>
        <line num="51" count="4" type="stmt"/>
        <line num="52" count="22" type="stmt"/>
        <line num="53" count="22" type="stmt"/>
        <line num="54" count="22" type="stmt"/>
        <line num="56" count="22" type="stmt"/>
        <line num="60" count="22" type="stmt"/>
        <line num="61" count="51" type="cond" truecount="1" falsecount="0"/>
        <line num="62" count="51" type="cond" truecount="1" falsecount="0"/>
        <line num="63" count="51" type="cond" truecount="1" falsecount="0"/>
        <line num="64" count="47" type="cond" truecount="1" falsecount="0"/>
        <line num="65" count="30" type="cond" truecount="1" falsecount="0"/>
        <line num="66" count="19" type="stmt"/>
        <line num="69" count="22" type="cond" truecount="2" falsecount="0"/>
        <line num="70" count="5" type="stmt"/>
        <line num="72" count="17" type="cond" truecount="2" falsecount="0"/>
        <line num="73" count="17" type="stmt"/>
        <line num="74" count="17" type="stmt"/>
        <line num="75" count="17" type="stmt"/>
        <line num="76" count="17" type="stmt"/>
        <line num="79" count="22" type="stmt"/>
        <line num="80" count="66" type="stmt"/>
        <line num="81" count="66" type="cond" truecount="2" falsecount="0"/>
        <line num="85" count="22" type="stmt"/>
        <line num="88" count="22" type="cond" truecount="2" falsecount="0"/>
        <line num="98" count="4" type="stmt"/>
        <line num="99" count="428" type="cond" truecount="1" falsecount="0"/>
        <line num="100" count="340" type="cond" truecount="1" falsecount="0"/>
        <line num="102" count="311" type="cond" truecount="2" falsecount="0"/>
        <line num="103" count="156" type="stmt"/>
        <line num="105" count="155" type="stmt"/>
        <line num="116" count="4" type="stmt"/>
        <line num="118" count="138" type="stmt"/>
        <line num="119" count="138" type="stmt"/>
        <line num="120" count="138" type="stmt"/>
        <line num="123" count="138" type="stmt"/>
        <line num="124" count="138" type="stmt"/>
        <line num="125" count="138" type="stmt"/>
        <line num="128" count="138" type="stmt"/>
        <line num="137" count="4" type="stmt"/>
        <line num="139" count="134" type="stmt"/>
        <line num="140" count="134" type="stmt"/>
        <line num="141" count="134" type="stmt"/>
        <line num="143" count="134" type="stmt"/>
        <line num="144" count="134" type="stmt"/>
        <line num="145" count="134" type="stmt"/>
        <line num="147" count="134" type="cond" truecount="2" falsecount="0"/>
        <line num="148" count="92" type="stmt"/>
        <line num="150" count="42" type="stmt"/>
        <line num="153" count="134" type="cond" truecount="2" falsecount="0"/>
        <line num="154" count="92" type="stmt"/>
        <line num="156" count="42" type="stmt"/>
        <line num="159" count="134" type="cond" truecount="2" falsecount="0"/>
        <line num="160" count="92" type="stmt"/>
        <line num="162" count="42" type="stmt"/>
        <line num="165" count="134" type="stmt"/>
        <line num="166" count="134" type="stmt"/>
        <line num="167" count="134" type="stmt"/>
        <line num="169" count="134" type="stmt"/>
        <line num="179" count="4" type="stmt"/>
        <line num="180" count="132" type="stmt"/>
        <line num="181" count="132" type="stmt"/>
        <line num="182" count="132" type="stmt"/>
        <line num="183" count="132" type="stmt"/>
        <line num="184" count="132" type="stmt"/>
        <line num="185" count="132" type="stmt"/>
        <line num="186" count="132" type="stmt"/>
        <line num="187" count="132" type="stmt"/>
        <line num="189" count="132" type="stmt"/>
        <line num="190" count="132" type="stmt"/>
        <line num="191" count="132" type="stmt"/>
        <line num="192" count="132" type="stmt"/>
        <line num="193" count="132" type="stmt"/>
        <line num="194" count="132" type="stmt"/>
        <line num="196" count="132" type="stmt"/>
        <line num="197" count="132" type="stmt"/>
        <line num="198" count="132" type="stmt"/>
        <line num="200" count="132" type="stmt"/>
      </file>
      <file name="extractDominantColors.ts" path="/Users/atta/paint-mixer/src/utils/extractDominantColors.ts">
        <metrics statements="138" coveredstatements="138" conditionals="42" coveredconditionals="42" methods="13" coveredmethods="13"/>
        <line num="3" count="1" type="stmt"/>
        <line num="4" count="1" type="stmt"/>
        <line num="5" count="1" type="stmt"/>
        <line num="7" count="1" type="stmt"/>
        <line num="8" count="33" type="stmt"/>
        <line num="11" count="1" type="stmt"/>
        <line num="12" count="7" type="stmt"/>
        <line num="13" count="7" type="stmt"/>
        <line num="14" count="7" type="stmt"/>
        <line num="16" count="7" type="stmt"/>
        <line num="17" count="19" type="stmt"/>
        <line num="18" count="19" type="stmt"/>
        <line num="19" count="19" type="cond" truecount="1" falsecount="0"/>
        <line num="20" count="3" type="stmt"/>
        <line num="22" count="16" type="stmt"/>
        <line num="25" count="7" type="stmt"/>
        <line num="28" count="1" type="stmt"/>
        <line num="29" count="376" type="stmt"/>
        <line num="30" count="376" type="stmt"/>
        <line num="31" count="376" type="stmt"/>
        <line num="32" count="376" type="stmt"/>
        <line num="35" count="1" type="stmt"/>
        <line num="36" count="6" type="stmt"/>
        <line num="38" count="6" type="stmt"/>
        <line num="39" count="6" type="stmt"/>
        <line num="40" count="6" type="stmt"/>
        <line num="41" count="6" type="stmt"/>
        <line num="42" count="16" type="stmt"/>
        <line num="43" count="16" type="stmt"/>
        <line num="44" count="16" type="stmt"/>
        <line num="46" count="6" type="stmt"/>
        <line num="52" count="6" type="stmt"/>
        <line num="53" count="6" type="stmt"/>
        <line num="54" count="6" type="stmt"/>
        <line num="55" count="16" type="stmt"/>
        <line num="56" count="16" type="cond" truecount="1" falsecount="0"/>
        <line num="57" count="7" type="stmt"/>
        <line num="58" count="7" type="stmt"/>
        <line num="62" count="6" type="stmt"/>
        <line num="63" count="6" type="stmt"/>
        <line num="65" count="6" type="stmt"/>
        <line num="66" count="6" type="stmt"/>
        <line num="67" count="16" type="stmt"/>
        <line num="70" count="6" type="stmt"/>
        <line num="71" count="5" type="stmt"/>
        <line num="72" count="5" type="stmt"/>
        <line num="73" count="5" type="stmt"/>
        <line num="74" count="14" type="stmt"/>
        <line num="75" count="14" type="cond" truecount="1" falsecount="0"/>
        <line num="76" count="8" type="stmt"/>
        <line num="77" count="8" type="stmt"/>
        <line num="81" count="5" type="stmt"/>
        <line num="82" count="5" type="stmt"/>
        <line num="84" count="5" type="stmt"/>
        <line num="85" count="14" type="stmt"/>
        <line num="86" count="14" type="cond" truecount="1" falsecount="0"/>
        <line num="87" count="7" type="stmt"/>
        <line num="92" count="6" type="stmt"/>
        <line num="95" count="1" type="stmt"/>
        <line num="96" count="176" type="stmt"/>
        <line num="97" count="176" type="stmt"/>
        <line num="99" count="176" type="stmt"/>
        <line num="100" count="330" type="stmt"/>
        <line num="101" count="330" type="stmt"/>
        <line num="102" count="330" type="cond" truecount="1" falsecount="0"/>
        <line num="103" count="253" type="stmt"/>
        <line num="104" count="253" type="stmt"/>
        <line num="108" count="176" type="stmt"/>
        <line num="111" count="1" type="stmt"/>
        <line num="112" count="6" type="stmt"/>
        <line num="113" count="6" type="stmt"/>
        <line num="115" count="6" type="stmt"/>
        <line num="116" count="17" type="stmt"/>
        <line num="117" count="17" type="stmt"/>
        <line num="118" count="17" type="cond" truecount="1" falsecount="0"/>
        <line num="119" count="1" type="stmt"/>
        <line num="121" count="16" type="stmt"/>
        <line num="122" count="16" type="stmt"/>
        <line num="123" count="16" type="stmt"/>
        <line num="126" count="6" type="stmt"/>
        <line num="129" count="1" type="stmt"/>
        <line num="133" count="8" type="stmt"/>
        <line num="134" count="8" type="cond" truecount="4" falsecount="0"/>
        <line num="135" count="1" type="stmt"/>
        <line num="138" count="7" type="stmt"/>
        <line num="139" count="7" type="cond" truecount="1" falsecount="0"/>
        <line num="140" count="1" type="stmt"/>
        <line num="143" count="6" type="stmt"/>
        <line num="144" count="6" type="stmt"/>
        <line num="146" count="6" type="stmt"/>
        <line num="147" count="60" type="stmt"/>
        <line num="148" count="60" type="stmt"/>
        <line num="149" count="60" type="stmt"/>
        <line num="150" count="60" type="stmt"/>
        <line num="152" count="60" type="stmt"/>
        <line num="153" count="160" type="stmt"/>
        <line num="154" count="160" type="stmt"/>
        <line num="155" count="160" type="stmt"/>
        <line num="156" count="160" type="stmt"/>
        <line num="157" count="160" type="stmt"/>
        <line num="158" count="160" type="stmt"/>
        <line num="161" count="60" type="stmt"/>
        <line num="162" count="110" type="cond" truecount="1" falsecount="0"/>
        <line num="163" count="10" type="stmt"/>
        <line num="165" count="100" type="stmt"/>
        <line num="173" count="6" type="stmt"/>
        <line num="174" count="11" type="stmt"/>
        <line num="179" count="6" type="stmt"/>
        <line num="180" count="5" type="cond" truecount="1" falsecount="0"/>
        <line num="181" count="2" type="stmt"/>
        <line num="183" count="3" type="cond" truecount="1" falsecount="0"/>
        <line num="184" count="1" type="stmt"/>
        <line num="186" count="2" type="cond" truecount="1" falsecount="0"/>
        <line num="187" count="1" type="stmt"/>
        <line num="189" count="1" type="stmt"/>
        <line num="192" count="6" type="stmt"/>
        <line num="194" count="11" type="stmt"/>
        <line num="195" count="11" type="stmt"/>
        <line num="197" count="11" type="stmt"/>
        <line num="201" count="1" type="stmt"/>
        <line num="205" count="4" type="cond" truecount="1" falsecount="0"/>
        <line num="206" count="1" type="stmt"/>
        <line num="209" count="3" type="cond" truecount="8" falsecount="0"/>
        <line num="210" count="3" type="cond" truecount="8" falsecount="0"/>
        <line num="211" count="3" type="cond" truecount="8" falsecount="0"/>
        <line num="213" count="11" type="stmt"/>
        <line num="214" count="3" type="cond" truecount="1" falsecount="0"/>
        <line num="215" count="1" type="stmt"/>
        <line num="218" count="2" type="stmt"/>
        <line num="219" count="2" type="stmt"/>
        <line num="220" count="2" type="stmt"/>
        <line num="221" count="7" type="stmt"/>
        <line num="222" count="7" type="stmt"/>
        <line num="223" count="7" type="cond" truecount="1" falsecount="0"/>
        <line num="224" count="2" type="stmt"/>
        <line num="228" count="2" type="stmt"/>
        <line num="229" count="2" type="stmt"/>
        <line num="230" count="2" type="stmt"/>
      </file>
      <file name="rgbStringToHsva.ts" path="/Users/atta/paint-mixer/src/utils/rgbStringToHsva.ts">
        <metrics statements="4" coveredstatements="4" conditionals="0" coveredconditionals="0" methods="1" coveredmethods="1"/>
        <line num="1" count="1" type="stmt"/>
        <line num="4" count="1" type="stmt"/>
        <line num="5" count="1" type="stmt"/>
        <line num="7" count="1" type="stmt"/>
      </file>
      <file name="suggestRecipe.ts" path="/Users/atta/paint-mixer/src/utils/suggestRecipe.ts">
        <metrics statements="100" coveredstatements="100" conditionals="43" coveredconditionals="43" methods="13" coveredmethods="13"/>
        <line num="1" count="2" type="stmt"/>
        <line num="2" count="2" type="stmt"/>
        <line num="4" count="2" type="stmt"/>
        <line num="13" count="2" type="stmt"/>
        <line num="14" count="2" type="stmt"/>
        <line num="15" count="2" type="stmt"/>
        <line num="16" count="2" type="stmt"/>
        <line num="18" count="2" type="stmt"/>
        <line num="19" count="89" type="stmt"/>
        <line num="22" count="2" type="stmt"/>
        <line num="23" count="131" type="stmt"/>
        <line num="24" count="131" type="stmt"/>
        <line num="27" count="2" type="stmt"/>
        <line num="31" count="92" type="stmt"/>
        <line num="32" count="92" type="stmt"/>
        <line num="33" count="162" type="stmt"/>
        <line num="36" count="92" type="cond" truecount="1" falsecount="0"/>
        <line num="37" count="1" type="stmt"/>
        <line num="40" count="91" type="stmt"/>
        <line num="41" count="91" type="stmt"/>
        <line num="42" count="162" type="stmt"/>
        <line num="43" count="162" type="cond" truecount="1" falsecount="0"/>
        <line num="44" count="2" type="stmt"/>
        <line num="46" count="160" type="stmt"/>
        <line num="47" count="160" type="stmt"/>
        <line num="48" count="1120" type="stmt"/>
        <line num="52" count="89" type="stmt"/>
        <line num="55" count="2" type="stmt"/>
        <line num="56" count="91" type="cond" truecount="1" falsecount="0"/>
        <line num="57" count="4" type="stmt"/>
        <line num="60" count="87" type="stmt"/>
        <line num="61" count="87" type="cond" truecount="1" falsecount="0"/>
        <line num="62" count="4" type="stmt"/>
        <line num="65" count="83" type="cond" truecount="1" falsecount="0"/>
        <line num="66" count="14" type="cond" truecount="1" falsecount="0"/>
        <line num="67" count="1" type="stmt"/>
        <line num="69" count="13" type="cond" truecount="1" falsecount="0"/>
        <line num="73" count="1" type="stmt"/>
        <line num="77" count="81" type="stmt"/>
        <line num="80" count="2" type="stmt"/>
        <line num="85" count="90" type="stmt"/>
        <line num="86" count="90" type="cond" truecount="1" falsecount="0"/>
        <line num="87" count="1" type="stmt"/>
        <line num="89" count="89" type="stmt"/>
        <line num="90" count="89" type="stmt"/>
        <line num="91" count="89" type="stmt"/>
        <line num="92" count="89" type="stmt"/>
        <line num="93" count="160" type="stmt"/>
        <line num="95" count="89" type="stmt"/>
        <line num="104" count="2" type="stmt"/>
        <line num="109" count="7" type="cond" truecount="1" falsecount="0"/>
        <line num="110" count="1" type="stmt"/>
        <line num="113" count="6" type="cond" truecount="8" falsecount="0"/>
        <line num="114" count="6" type="cond" truecount="8" falsecount="0"/>
        <line num="116" count="6" type="stmt"/>
        <line num="118" count="36" type="stmt"/>
        <line num="124" count="6" type="cond" truecount="2" falsecount="0"/>
        <line num="126" count="25" type="cond" truecount="2" falsecount="0"/>
        <line num="128" count="12" type="stmt"/>
        <line num="129" count="10" type="stmt"/>
        <line num="131" count="36" type="cond" truecount="4" falsecount="0"/>
        <line num="132" count="22" type="stmt"/>
        <line num="134" count="6" type="cond" truecount="1" falsecount="0"/>
        <line num="135" count="1" type="stmt"/>
        <line num="138" count="5" type="stmt"/>
        <line num="140" count="5" type="cond" truecount="1" falsecount="0"/>
        <line num="141" count="4" type="stmt"/>
        <line num="142" count="19" type="stmt"/>
        <line num="143" count="19" type="cond" truecount="1" falsecount="0"/>
        <line num="144" count="19" type="stmt"/>
        <line num="149" count="5" type="cond" truecount="1" falsecount="0"/>
        <line num="150" count="3" type="stmt"/>
        <line num="151" count="7" type="stmt"/>
        <line num="152" count="5" type="stmt"/>
        <line num="153" count="5" type="stmt"/>
        <line num="154" count="5" type="stmt"/>
        <line num="155" count="20" type="stmt"/>
        <line num="156" count="69" type="stmt"/>
        <line num="157" count="69" type="stmt"/>
        <line num="165" count="69" type="cond" truecount="1" falsecount="0"/>
        <line num="166" count="69" type="stmt"/>
        <line num="174" count="5" type="cond" truecount="1" falsecount="0"/>
        <line num="175" count="2" type="stmt"/>
        <line num="176" count="5" type="stmt"/>
        <line num="177" count="4" type="stmt"/>
        <line num="178" count="1" type="stmt"/>
        <line num="179" count="1" type="stmt"/>
        <line num="180" count="1" type="stmt"/>
        <line num="181" count="1" type="stmt"/>
        <line num="182" count="1" type="stmt"/>
        <line num="183" count="1" type="stmt"/>
        <line num="184" count="1" type="stmt"/>
        <line num="185" count="1" type="stmt"/>
        <line num="194" count="1" type="cond" truecount="1" falsecount="0"/>
        <line num="195" count="1" type="stmt"/>
        <line num="205" count="5" type="cond" truecount="1" falsecount="0"/>
        <line num="206" count="1" type="stmt"/>
        <line num="209" count="4" type="stmt"/>
        <line num="210" count="4" type="stmt"/>
        <line num="213" count="2" type="stmt"/>
      </file>
    </package>
    <package name="utils.palettes">
      <metrics statements="1" coveredstatements="1" conditionals="0" coveredconditionals="0" methods="0" coveredmethods="0"/>
      <file name="defaultPalette.tsx" path="/Users/atta/paint-mixer/src/utils/palettes/defaultPalette.tsx">
        <metrics statements="1" coveredstatements="1" conditionals="0" coveredconditionals="0" methods="0" coveredmethods="0"/>
        <line num="1" count="1" type="stmt"/>
      </file>
    </package>
  </project>
</coverage>
