{"/Users/atta/paint-mixer/src/components/AddColorUIComponent/AddColorUIComponent.tsx": {"path":"/Users/atta/paint-mixer/src/components/AddColorUIComponent/AddColorUIComponent.tsx","statementMap":{"0":{"start":{"line":1,"column":0},"end":{"line":1,"column":25}},"1":{"start":{"line":2,"column":0},"end":{"line":2,"column":54}},"2":{"start":{"line":3,"column":0},"end":{"line":3,"column":51}},"3":{"start":{"line":4,"column":0},"end":{"line":4,"column":52}},"4":{"start":{"line":14,"column":45},"end":{"line":46,"column":1}},"5":{"start":{"line":15,"column":4},"end":{"line":45,"column":null}},"6":{"start":{"line":24,"column":36},"end":{"line":24,"column":78}},"7":{"start":{"line":38,"column":51},"end":{"line":38,"column":73}},"8":{"start":{"line":39,"column":40},"end":{"line":39,"column":68}},"9":{"start":{"line":48,"column":0},"end":{"line":48,"column":null}}},"fnMap":{"0":{"name":"(anonymous_1)","decl":{"start":{"line":14,"column":45},"end":{"line":14,"column":46}},"loc":{"start":{"line":14,"column":132},"end":{"line":46,"column":1}}},"1":{"name":"(anonymous_2)","decl":{"start":{"line":24,"column":30},"end":{"line":24,"column":33}},"loc":{"start":{"line":24,"column":36},"end":{"line":24,"column":78}}},"2":{"name":"(anonymous_3)","decl":{"start":{"line":38,"column":35},"end":{"line":38,"column":36}},"loc":{"start":{"line":38,"column":48},"end":{"line":38,"column":74}}},"3":{"name":"(anonymous_4)","decl":{"start":{"line":39,"column":34},"end":{"line":39,"column":37}},"loc":{"start":{"line":39,"column":40},"end":{"line":39,"column":68}}}},"branchMap":{"0":{"loc":{"start":{"line":17,"column":14},"end":{"line":27,"column":null}},"type":"binary-expr","locations":[{"start":{"line":17,"column":14},"end":{"line":17,"column":33}},{"start":{"line":18,"column":16},"end":{"line":26,"column":null}}]},"1":{"loc":{"start":{"line":30,"column":14},"end":{"line":42,"column":null}},"type":"binary-expr","locations":[{"start":{"line":30,"column":14},"end":{"line":30,"column":32}},{"start":{"line":31,"column":16},"end":{"line":41,"column":null}}]}},"s":{"0":1,"1":1,"2":1,"3":1,"4":1,"5":7,"6":1,"7":1,"8":1,"9":1},"f":{"0":7,"1":1,"2":1,"3":1},"b":{"0":[7,3],"1":[7,4]}}
,"/Users/atta/paint-mixer/src/components/ColorBoxUI/ColorBoxUI.tsx": {"path":"/Users/atta/paint-mixer/src/components/ColorBoxUI/ColorBoxUI.tsx","statementMap":{"0":{"start":{"line":1,"column":0},"end":{"line":1,"column":25}},"1":{"start":{"line":2,"column":0},"end":{"line":2,"column":45}},"2":{"start":{"line":6,"column":0},"end":{"line":6,"column":34}},"3":{"start":{"line":7,"column":0},"end":{"line":7,"column":47}},"4":{"start":{"line":10,"column":0},"end":{"line":10,"column":44}},"5":{"start":{"line":11,"column":0},"end":{"line":11,"column":59}},"6":{"start":{"line":12,"column":0},"end":{"line":12,"column":49}},"7":{"start":{"line":26,"column":46},"end":{"line":79,"column":1}},"8":{"start":{"line":27,"column":4},"end":{"line":78,"column":null}},"9":{"start":{"line":46,"column":36},"end":{"line":46,"column":66}},"10":{"start":{"line":81,"column":0},"end":{"line":81,"column":null}}},"fnMap":{"0":{"name":"(anonymous_1)","decl":{"start":{"line":26,"column":46},"end":{"line":26,"column":47}},"loc":{"start":{"line":26,"column":178},"end":{"line":79,"column":1}}},"1":{"name":"(anonymous_2)","decl":{"start":{"line":46,"column":30},"end":{"line":46,"column":33}},"loc":{"start":{"line":46,"column":36},"end":{"line":46,"column":66}}}},"branchMap":{"0":{"loc":{"start":{"line":35,"column":31},"end":{"line":35,"column":81}},"type":"cond-expr","locations":[{"start":{"line":35,"column":64},"end":{"line":35,"column":71}},{"start":{"line":35,"column":74},"end":{"line":35,"column":81}}]},"1":{"loc":{"start":{"line":36,"column":33},"end":{"line":36,"column":58}},"type":"cond-expr","locations":[{"start":{"line":36,"column":51},"end":{"line":36,"column":54}},{"start":{"line":36,"column":57},"end":{"line":36,"column":58}}]},"2":{"loc":{"start":{"line":49,"column":31},"end":{"line":49,"column":81}},"type":"cond-expr","locations":[{"start":{"line":49,"column":64},"end":{"line":49,"column":71}},{"start":{"line":49,"column":74},"end":{"line":49,"column":81}}]},"3":{"loc":{"start":{"line":50,"column":33},"end":{"line":50,"column":52}},"type":"cond-expr","locations":[{"start":{"line":50,"column":45},"end":{"line":50,"column":46}},{"start":{"line":50,"column":49},"end":{"line":50,"column":52}}]},"4":{"loc":{"start":{"line":54,"column":31},"end":{"line":54,"column":81}},"type":"cond-expr","locations":[{"start":{"line":54,"column":64},"end":{"line":54,"column":71}},{"start":{"line":54,"column":74},"end":{"line":54,"column":81}}]},"5":{"loc":{"start":{"line":55,"column":33},"end":{"line":55,"column":50}},"type":"cond-expr","locations":[{"start":{"line":55,"column":45},"end":{"line":55,"column":46}},{"start":{"line":55,"column":49},"end":{"line":55,"column":50}}]},"6":{"loc":{"start":{"line":59,"column":26},"end":{"line":59,"column":54}},"type":"cond-expr","locations":[{"start":{"line":59,"column":38},"end":{"line":59,"column":44}},{"start":{"line":59,"column":47},"end":{"line":59,"column":54}}]},"7":{"loc":{"start":{"line":67,"column":27},"end":{"line":69,"column":74}},"type":"cond-expr","locations":[{"start":{"line":68,"column":24},"end":{"line":68,"column":87}},{"start":{"line":69,"column":24},"end":{"line":69,"column":74}}]},"8":{"loc":{"start":{"line":68,"column":24},"end":{"line":68,"column":87}},"type":"cond-expr","locations":[{"start":{"line":68,"column":70},"end":{"line":68,"column":77}},{"start":{"line":68,"column":80},"end":{"line":68,"column":87}}]},"9":{"loc":{"start":{"line":69,"column":24},"end":{"line":69,"column":74}},"type":"cond-expr","locations":[{"start":{"line":69,"column":57},"end":{"line":69,"column":64}},{"start":{"line":69,"column":67},"end":{"line":69,"column":74}}]},"10":{"loc":{"start":{"line":72,"column":18},"end":{"line":74,"column":65}},"type":"cond-expr","locations":[{"start":{"line":73,"column":20},"end":{"line":73,"column":69}},{"start":{"line":74,"column":20},"end":{"line":74,"column":65}}]}},"s":{"0":1,"1":1,"2":1,"3":1,"4":1,"5":1,"6":1,"7":1,"8":12,"9":1,"10":1},"f":{"0":12,"1":1},"b":{"0":[2,10],"1":[9,3],"2":[2,10],"3":[11,1],"4":[2,10],"5":[11,1],"6":[11,1],"7":[9,3],"8":[7,2],"9":[2,1],"10":[9,3]}}
,"/Users/atta/paint-mixer/src/components/ColorPicker/ColorPicker.tsx": {"path":"/Users/atta/paint-mixer/src/components/ColorPicker/ColorPicker.tsx","statementMap":{"0":{"start":{"line":1,"column":0},"end":{"line":1,"column":25}},"1":{"start":{"line":2,"column":0},"end":{"line":2,"column":46}},"2":{"start":{"line":3,"column":0},"end":{"line":3,"column":42}},"3":{"start":{"line":4,"column":0},"end":{"line":4,"column":55}},"4":{"start":{"line":5,"column":0},"end":{"line":5,"column":68}},"5":{"start":{"line":6,"column":0},"end":{"line":6,"column":59}},"6":{"start":{"line":7,"column":0},"end":{"line":7,"column":34}},"7":{"start":{"line":8,"column":0},"end":{"line":8,"column":47}},"8":{"start":{"line":9,"column":0},"end":{"line":9,"column":58}},"9":{"start":{"line":18,"column":48},"end":{"line":69,"column":1}},"10":{"start":{"line":19,"column":4},"end":{"line":68,"column":null}},"11":{"start":{"line":34,"column":41},"end":{"line":34,"column":81}},"12":{"start":{"line":39,"column":45},"end":{"line":39,"column":80}},"13":{"start":{"line":54,"column":45},"end":{"line":54,"column":85}},"14":{"start":{"line":71,"column":0},"end":{"line":71,"column":null}}},"fnMap":{"0":{"name":"(anonymous_1)","decl":{"start":{"line":18,"column":48},"end":{"line":18,"column":49}},"loc":{"start":{"line":18,"column":92},"end":{"line":69,"column":1}}},"1":{"name":"(anonymous_2)","decl":{"start":{"line":34,"column":27},"end":{"line":34,"column":28}},"loc":{"start":{"line":34,"column":41},"end":{"line":34,"column":81}}},"2":{"name":"(anonymous_3)","decl":{"start":{"line":39,"column":31},"end":{"line":39,"column":32}},"loc":{"start":{"line":39,"column":45},"end":{"line":39,"column":80}}},"3":{"name":"(anonymous_4)","decl":{"start":{"line":54,"column":31},"end":{"line":54,"column":32}},"loc":{"start":{"line":54,"column":45},"end":{"line":54,"column":85}}}},"branchMap":{"0":{"loc":{"start":{"line":25,"column":27},"end":{"line":25,"column":84}},"type":"cond-expr","locations":[{"start":{"line":25,"column":67},"end":{"line":25,"column":74}},{"start":{"line":25,"column":77},"end":{"line":25,"column":84}}]},"1":{"loc":{"start":{"line":60,"column":37},"end":{"line":60,"column":94}},"type":"cond-expr","locations":[{"start":{"line":60,"column":77},"end":{"line":60,"column":84}},{"start":{"line":60,"column":87},"end":{"line":60,"column":94}}]},"2":{"loc":{"start":{"line":61,"column":27},"end":{"line":61,"column":84}},"type":"cond-expr","locations":[{"start":{"line":61,"column":67},"end":{"line":61,"column":74}},{"start":{"line":61,"column":77},"end":{"line":61,"column":84}}]}},"s":{"0":1,"1":1,"2":1,"3":1,"4":1,"5":1,"6":1,"7":1,"8":1,"9":1,"10":6,"11":1,"12":1,"13":1,"14":1},"f":{"0":6,"1":1,"2":1,"3":1},"b":{"0":[5,1],"1":[5,1],"2":[5,1]}}
,"/Users/atta/paint-mixer/src/components/ColorSwatches/ColorSwatches.tsx": {"path":"/Users/atta/paint-mixer/src/components/ColorSwatches/ColorSwatches.tsx","statementMap":{"0":{"start":{"line":1,"column":0},"end":{"line":1,"column":39}},"1":{"start":{"line":2,"column":0},"end":{"line":2,"column":48}},"2":{"start":{"line":3,"column":0},"end":{"line":3,"column":71}},"3":{"start":{"line":4,"column":0},"end":{"line":4,"column":34}},"4":{"start":{"line":5,"column":0},"end":{"line":5,"column":47}},"5":{"start":{"line":6,"column":0},"end":{"line":6,"column":39}},"6":{"start":{"line":17,"column":52},"end":{"line":140,"column":1}},"7":{"start":{"line":19,"column":64},"end":{"line":19,"column":93}},"8":{"start":{"line":20,"column":48},"end":{"line":20,"column":68}},"9":{"start":{"line":21,"column":52},"end":{"line":21,"column":81}},"10":{"start":{"line":23,"column":4},"end":{"line":139,"column":null}},"11":{"start":{"line":29,"column":20},"end":{"line":134,"column":null}},"12":{"start":{"line":45,"column":64},"end":{"line":45,"column":116}},"13":{"start":{"line":54,"column":56},"end":{"line":54,"column":82}},"14":{"start":{"line":63,"column":62},"end":{"line":63,"column":94}},"15":{"start":{"line":65,"column":48},"end":{"line":65,"column":null}},"16":{"start":{"line":66,"column":48},"end":{"line":66,"column":null}},"17":{"start":{"line":77,"column":48},"end":{"line":77,"column":null}},"18":{"start":{"line":78,"column":48},"end":{"line":78,"column":null}},"19":{"start":{"line":89,"column":56},"end":{"line":89,"column":80}},"20":{"start":{"line":105,"column":60},"end":{"line":105,"column":84}},"21":{"start":{"line":109,"column":48},"end":{"line":117,"column":null}},"22":{"start":{"line":128,"column":52},"end":{"line":128,"column":76}},"23":{"start":{"line":142,"column":0},"end":{"line":142,"column":null}}},"fnMap":{"0":{"name":"(anonymous_7)","decl":{"start":{"line":17,"column":52},"end":{"line":17,"column":53}},"loc":{"start":{"line":17,"column":168},"end":{"line":140,"column":1}}},"1":{"name":"(anonymous_8)","decl":{"start":{"line":28,"column":30},"end":{"line":28,"column":31}},"loc":{"start":{"line":29,"column":20},"end":{"line":134,"column":null}}},"2":{"name":"(anonymous_9)","decl":{"start":{"line":45,"column":58},"end":{"line":45,"column":61}},"loc":{"start":{"line":45,"column":64},"end":{"line":45,"column":116}}},"3":{"name":"(anonymous_10)","decl":{"start":{"line":54,"column":50},"end":{"line":54,"column":53}},"loc":{"start":{"line":54,"column":56},"end":{"line":54,"column":82}}},"4":{"name":"(anonymous_11)","decl":{"start":{"line":63,"column":55},"end":{"line":63,"column":56}},"loc":{"start":{"line":63,"column":62},"end":{"line":63,"column":94}}},"5":{"name":"(anonymous_12)","decl":{"start":{"line":64,"column":53},"end":{"line":64,"column":56}},"loc":{"start":{"line":64,"column":58},"end":{"line":67,"column":45}}},"6":{"name":"(anonymous_13)","decl":{"start":{"line":76,"column":54},"end":{"line":76,"column":57}},"loc":{"start":{"line":76,"column":59},"end":{"line":79,"column":45}}},"7":{"name":"(anonymous_14)","decl":{"start":{"line":89,"column":50},"end":{"line":89,"column":53}},"loc":{"start":{"line":89,"column":56},"end":{"line":89,"column":80}}},"8":{"name":"(anonymous_15)","decl":{"start":{"line":105,"column":54},"end":{"line":105,"column":57}},"loc":{"start":{"line":105,"column":60},"end":{"line":105,"column":84}}},"9":{"name":"(anonymous_16)","decl":{"start":{"line":108,"column":64},"end":{"line":108,"column":65}},"loc":{"start":{"line":109,"column":48},"end":{"line":117,"column":null}}},"10":{"name":"(anonymous_17)","decl":{"start":{"line":128,"column":46},"end":{"line":128,"column":49}},"loc":{"start":{"line":128,"column":52},"end":{"line":128,"column":76}}}},"branchMap":{"0":{"loc":{"start":{"line":41,"column":38},"end":{"line":50,"column":null}},"type":"binary-expr","locations":[{"start":{"line":41,"column":38},"end":{"line":41,"column":51}},{"start":{"line":42,"column":40},"end":{"line":49,"column":null}}]},"1":{"loc":{"start":{"line":44,"column":65},"end":{"line":44,"column":121}},"type":"cond-expr","locations":[{"start":{"line":44,"column":104},"end":{"line":44,"column":111}},{"start":{"line":44,"column":114},"end":{"line":44,"column":121}}]},"2":{"loc":{"start":{"line":45,"column":83},"end":{"line":45,"column":115}},"type":"cond-expr","locations":[{"start":{"line":45,"column":107},"end":{"line":45,"column":111}},{"start":{"line":45,"column":114},"end":{"line":45,"column":115}}]},"3":{"loc":{"start":{"line":55,"column":57},"end":{"line":55,"column":113}},"type":"cond-expr","locations":[{"start":{"line":55,"column":96},"end":{"line":55,"column":103}},{"start":{"line":55,"column":106},"end":{"line":55,"column":113}}]},"4":{"loc":{"start":{"line":60,"column":38},"end":{"line":84,"column":null}},"type":"cond-expr","locations":[{"start":{"line":61,"column":40},"end":{"line":72,"column":null}},{"start":{"line":75,"column":40},"end":{"line":83,"column":null}}]},"5":{"loc":{"start":{"line":69,"column":55},"end":{"line":69,"column":111}},"type":"cond-expr","locations":[{"start":{"line":69,"column":94},"end":{"line":69,"column":101}},{"start":{"line":69,"column":104},"end":{"line":69,"column":111}}]},"6":{"loc":{"start":{"line":70,"column":65},"end":{"line":70,"column":121}},"type":"cond-expr","locations":[{"start":{"line":70,"column":104},"end":{"line":70,"column":111}},{"start":{"line":70,"column":114},"end":{"line":70,"column":121}}]},"7":{"loc":{"start":{"line":80,"column":61},"end":{"line":80,"column":117}},"type":"cond-expr","locations":[{"start":{"line":80,"column":100},"end":{"line":80,"column":107}},{"start":{"line":80,"column":110},"end":{"line":80,"column":117}}]},"8":{"loc":{"start":{"line":91,"column":57},"end":{"line":91,"column":113}},"type":"cond-expr","locations":[{"start":{"line":91,"column":96},"end":{"line":91,"column":103}},{"start":{"line":91,"column":106},"end":{"line":91,"column":113}}]},"9":{"loc":{"start":{"line":95,"column":46},"end":{"line":95,"column":139}},"type":"cond-expr","locations":[{"start":{"line":95,"column":79},"end":{"line":95,"column":134}},{"start":{"line":95,"column":137},"end":{"line":95,"column":139}}]},"10":{"loc":{"start":{"line":99,"column":38},"end":{"line":120,"column":null}},"type":"binary-expr","locations":[{"start":{"line":99,"column":38},"end":{"line":99,"column":59}},{"start":{"line":99,"column":63},"end":{"line":99,"column":76}},{"start":{"line":100,"column":40},"end":{"line":119,"column":null}}]},"11":{"loc":{"start":{"line":102,"column":55},"end":{"line":102,"column":111}},"type":"cond-expr","locations":[{"start":{"line":102,"column":94},"end":{"line":102,"column":101}},{"start":{"line":102,"column":104},"end":{"line":102,"column":111}}]},"12":{"loc":{"start":{"line":114,"column":67},"end":{"line":114,"column":127}},"type":"cond-expr","locations":[{"start":{"line":114,"column":110},"end":{"line":114,"column":117}},{"start":{"line":114,"column":120},"end":{"line":114,"column":127}}]}},"s":{"0":1,"1":1,"2":1,"3":1,"4":1,"5":1,"6":1,"7":22,"8":22,"9":22,"10":22,"11":38,"12":5,"13":1,"14":2,"15":2,"16":2,"17":2,"18":2,"19":1,"20":1,"21":7,"22":1,"23":1},"f":{"0":22,"1":38,"2":5,"3":1,"4":2,"5":2,"6":2,"7":1,"8":1,"9":7,"10":1},"b":{"0":[38,18],"1":[2,16],"2":[1,4],"3":[6,32],"4":[4,34],"5":[2,2],"6":[2,2],"7":[4,30],"8":[6,32],"9":[36,2],"10":[38,4,4],"11":[1,3],"12":[4,3]}}
,"/Users/atta/paint-mixer/src/components/ExtractedColorsPanel/ExtractedColorsPanel.tsx": {"path":"/Users/atta/paint-mixer/src/components/ExtractedColorsPanel/ExtractedColorsPanel.tsx","statementMap":{"0":{"start":{"line":1,"column":0},"end":{"line":1,"column":25}},"1":{"start":{"line":2,"column":0},"end":{"line":2,"column":55}},"2":{"start":{"line":3,"column":0},"end":{"line":3,"column":34}},"3":{"start":{"line":16,"column":28},"end":{"line":16,"column":30}},"4":{"start":{"line":18,"column":29},"end":{"line":25,"column":1}},"5":{"start":{"line":19,"column":4},"end":{"line":24,"column":null}},"6":{"start":{"line":20,"column":22},"end":{"line":20,"column":49}},"7":{"start":{"line":21,"column":22},"end":{"line":21,"column":71}},"8":{"start":{"line":22,"column":26},"end":{"line":22,"column":67}},"9":{"start":{"line":23,"column":8},"end":{"line":23,"column":null}},"10":{"start":{"line":27,"column":66},"end":{"line":167,"column":1}},"11":{"start":{"line":36,"column":23},"end":{"line":36,"column":63}},"12":{"start":{"line":36,"column":49},"end":{"line":36,"column":62}},"13":{"start":{"line":38,"column":4},"end":{"line":166,"column":null}},"14":{"start":{"line":59,"column":36},"end":{"line":68,"column":null}},"15":{"start":{"line":84,"column":55},"end":{"line":84,"column":78}},"16":{"start":{"line":85,"column":36},"end":{"line":97,"column":null}},"17":{"start":{"line":91,"column":60},"end":{"line":91,"column":75}},"18":{"start":{"line":103,"column":55},"end":{"line":103,"column":75}},"19":{"start":{"line":104,"column":36},"end":{"line":156,"column":null}},"20":{"start":{"line":145,"column":80},"end":{"line":145,"column":109}},"21":{"start":{"line":169,"column":0},"end":{"line":169,"column":null}}},"fnMap":{"0":{"name":"(anonymous_1)","decl":{"start":{"line":18,"column":29},"end":{"line":18,"column":30}},"loc":{"start":{"line":18,"column":108},"end":{"line":25,"column":1}}},"1":{"name":"(anonymous_2)","decl":{"start":{"line":19,"column":27},"end":{"line":19,"column":28}},"loc":{"start":{"line":19,"column":42},"end":{"line":24,"column":5}}},"2":{"name":"(anonymous_3)","decl":{"start":{"line":27,"column":66},"end":{"line":27,"column":67}},"loc":{"start":{"line":35,"column":5},"end":{"line":167,"column":1}}},"3":{"name":"(anonymous_4)","decl":{"start":{"line":36,"column":38},"end":{"line":36,"column":39}},"loc":{"start":{"line":36,"column":49},"end":{"line":36,"column":62}}},"4":{"name":"(anonymous_5)","decl":{"start":{"line":58,"column":49},"end":{"line":58,"column":50}},"loc":{"start":{"line":59,"column":36},"end":{"line":68,"column":null}}},"5":{"name":"(anonymous_6)","decl":{"start":{"line":83,"column":45},"end":{"line":83,"column":46}},"loc":{"start":{"line":83,"column":62},"end":{"line":98,"column":33}}},"6":{"name":"(anonymous_7)","decl":{"start":{"line":91,"column":54},"end":{"line":91,"column":57}},"loc":{"start":{"line":91,"column":60},"end":{"line":91,"column":75}}},"7":{"name":"(anonymous_8)","decl":{"start":{"line":102,"column":45},"end":{"line":102,"column":46}},"loc":{"start":{"line":102,"column":62},"end":{"line":157,"column":33}}},"8":{"name":"(anonymous_9)","decl":{"start":{"line":145,"column":74},"end":{"line":145,"column":77}},"loc":{"start":{"line":145,"column":80},"end":{"line":145,"column":109}}}},"branchMap":{"0":{"loc":{"start":{"line":21,"column":22},"end":{"line":21,"column":71}},"type":"cond-expr","locations":[{"start":{"line":21,"column":34},"end":{"line":21,"column":38}},{"start":{"line":21,"column":38},"end":{"line":21,"column":71}}]},"1":{"loc":{"start":{"line":21,"column":22},"end":{"line":21,"column":38}},"type":"binary-expr","locations":[{"start":{"line":21,"column":22},"end":{"line":21,"column":38}},{"start":{"line":21,"column":34},"end":{"line":21,"column":38}}]},"2":{"loc":{"start":{"line":21,"column":22},"end":{"line":21,"column":34}},"type":"cond-expr","locations":[{"start":{"line":21,"column":27},"end":{"line":21,"column":29}},{"start":{"line":21,"column":22},"end":{"line":21,"column":34}}]},"3":{"loc":{"start":{"line":21,"column":22},"end":{"line":21,"column":29}},"type":"binary-expr","locations":[{"start":{"line":21,"column":22},"end":{"line":21,"column":29}},{"start":{"line":21,"column":22},"end":{"line":21,"column":29}}]},"4":{"loc":{"start":{"line":22,"column":26},"end":{"line":22,"column":67}},"type":"cond-expr","locations":[{"start":{"line":22,"column":51},"end":{"line":22,"column":57}},{"start":{"line":22,"column":60},"end":{"line":22,"column":67}}]},"5":{"loc":{"start":{"line":47,"column":26},"end":{"line":50,"column":null}},"type":"cond-expr","locations":[{"start":{"line":48,"column":28},"end":{"line":48,"column":77}},{"start":{"line":50,"column":28},"end":{"line":50,"column":95}}]},"6":{"loc":{"start":{"line":56,"column":26},"end":{"line":73,"column":null}},"type":"cond-expr","locations":[{"start":{"line":57,"column":28},"end":{"line":70,"column":null}},{"start":{"line":73,"column":28},"end":{"line":73,"column":86}}]},"7":{"loc":{"start":{"line":65,"column":51},"end":{"line":65,"column":106}},"type":"cond-expr","locations":[{"start":{"line":65,"column":89},"end":{"line":65,"column":96}},{"start":{"line":65,"column":99},"end":{"line":65,"column":106}}]},"8":{"loc":{"start":{"line":80,"column":22},"end":{"line":161,"column":null}},"type":"cond-expr","locations":[{"start":{"line":81,"column":24},"end":{"line":158,"column":null}},{"start":{"line":161,"column":24},"end":{"line":161,"column":102}}]},"9":{"loc":{"start":{"line":89,"column":85},"end":{"line":89,"column":119}},"type":"cond-expr","locations":[{"start":{"line":89,"column":98},"end":{"line":89,"column":113}},{"start":{"line":89,"column":116},"end":{"line":89,"column":119}}]},"10":{"loc":{"start":{"line":122,"column":50},"end":{"line":152,"column":null}},"type":"cond-expr","locations":[{"start":{"line":123,"column":52},"end":{"line":149,"column":null}},{"start":{"line":152,"column":52},"end":{"line":152,"column":114}}]},"11":{"loc":{"start":{"line":132,"column":62},"end":{"line":135,"column":null}},"type":"binary-expr","locations":[{"start":{"line":132,"column":62},"end":{"line":132,"column":103}},{"start":{"line":133,"column":64},"end":{"line":133,"column":null}}]},"12":{"loc":{"start":{"line":141,"column":58},"end":{"line":148,"column":null}},"type":"binary-expr","locations":[{"start":{"line":141,"column":58},"end":{"line":141,"column":75}},{"start":{"line":142,"column":60},"end":{"line":145,"column":null}}]}},"s":{"0":1,"1":1,"2":1,"3":1,"4":1,"5":3,"6":4,"7":4,"8":4,"9":4,"10":1,"11":5,"12":7,"13":5,"14":5,"15":5,"16":5,"17":1,"18":5,"19":5,"20":1,"21":1},"f":{"0":3,"1":4,"2":5,"3":7,"4":5,"5":5,"6":1,"7":5,"8":1},"b":{"0":[3,1],"1":[4,4],"2":[1,3],"3":[4,4],"4":[3,1],"5":[2,3],"6":[3,2],"7":[3,2],"8":[4,1],"9":[4,1],"10":[3,2],"11":[3,1],"12":[3,1]}}
,"/Users/atta/paint-mixer/src/components/ImageUploader/ImageUploader.tsx": {"path":"/Users/atta/paint-mixer/src/components/ImageUploader/ImageUploader.tsx","statementMap":{"0":{"start":{"line":1,"column":0},"end":{"line":1,"column":50}},"1":{"start":{"line":2,"column":0},"end":{"line":2,"column":48}},"2":{"start":{"line":8,"column":29},"end":{"line":8,"column":81}},"3":{"start":{"line":10,"column":52},"end":{"line":86,"column":1}},"4":{"start":{"line":11,"column":40},"end":{"line":11,"column":69}},"5":{"start":{"line":12,"column":42},"end":{"line":12,"column":57}},"6":{"start":{"line":14,"column":4},"end":{"line":20,"column":null}},"7":{"start":{"line":15,"column":8},"end":{"line":19,"column":null}},"8":{"start":{"line":16,"column":12},"end":{"line":18,"column":null}},"9":{"start":{"line":17,"column":16},"end":{"line":17,"column":null}},"10":{"start":{"line":22,"column":24},"end":{"line":35,"column":5}},"11":{"start":{"line":23,"column":21},"end":{"line":23,"column":33}},"12":{"start":{"line":24,"column":8},"end":{"line":26,"column":null}},"13":{"start":{"line":25,"column":12},"end":{"line":25,"column":18}},"14":{"start":{"line":28,"column":8},"end":{"line":30,"column":null}},"15":{"start":{"line":29,"column":12},"end":{"line":29,"column":18}},"16":{"start":{"line":32,"column":30},"end":{"line":32,"column":55}},"17":{"start":{"line":33,"column":8},"end":{"line":33,"column":null}},"18":{"start":{"line":34,"column":8},"end":{"line":34,"column":null}},"19":{"start":{"line":37,"column":29},"end":{"line":40,"column":5}},"20":{"start":{"line":38,"column":8},"end":{"line":38,"column":null}},"21":{"start":{"line":39,"column":8},"end":{"line":39,"column":null}},"22":{"start":{"line":42,"column":27},"end":{"line":45,"column":5}},"23":{"start":{"line":43,"column":8},"end":{"line":43,"column":null}},"24":{"start":{"line":44,"column":8},"end":{"line":44,"column":null}},"25":{"start":{"line":47,"column":28},"end":{"line":49,"column":5}},"26":{"start":{"line":48,"column":8},"end":{"line":48,"column":null}},"27":{"start":{"line":51,"column":23},"end":{"line":55,"column":5}},"28":{"start":{"line":52,"column":8},"end":{"line":52,"column":null}},"29":{"start":{"line":53,"column":8},"end":{"line":53,"column":null}},"30":{"start":{"line":54,"column":8},"end":{"line":54,"column":null}},"31":{"start":{"line":57,"column":4},"end":{"line":85,"column":null}},"32":{"start":{"line":88,"column":0},"end":{"line":88,"column":null}}},"fnMap":{"0":{"name":"(anonymous_7)","decl":{"start":{"line":10,"column":52},"end":{"line":10,"column":53}},"loc":{"start":{"line":10,"column":76},"end":{"line":86,"column":1}}},"1":{"name":"(anonymous_8)","decl":{"start":{"line":14,"column":14},"end":{"line":14,"column":17}},"loc":{"start":{"line":14,"column":19},"end":{"line":20,"column":5}}},"2":{"name":"(anonymous_9)","decl":{"start":{"line":15,"column":15},"end":{"line":15,"column":18}},"loc":{"start":{"line":15,"column":20},"end":{"line":19,"column":9}}},"3":{"name":"(anonymous_10)","decl":{"start":{"line":22,"column":24},"end":{"line":22,"column":25}},"loc":{"start":{"line":22,"column":51},"end":{"line":35,"column":5}}},"4":{"name":"(anonymous_11)","decl":{"start":{"line":37,"column":29},"end":{"line":37,"column":30}},"loc":{"start":{"line":37,"column":76},"end":{"line":40,"column":5}}},"5":{"name":"(anonymous_12)","decl":{"start":{"line":42,"column":27},"end":{"line":42,"column":28}},"loc":{"start":{"line":42,"column":70},"end":{"line":45,"column":5}}},"6":{"name":"(anonymous_13)","decl":{"start":{"line":47,"column":28},"end":{"line":47,"column":31}},"loc":{"start":{"line":47,"column":33},"end":{"line":49,"column":5}}},"7":{"name":"(anonymous_14)","decl":{"start":{"line":51,"column":23},"end":{"line":51,"column":24}},"loc":{"start":{"line":51,"column":66},"end":{"line":55,"column":5}}}},"branchMap":{"0":{"loc":{"start":{"line":16,"column":12},"end":{"line":18,"column":null}},"type":"if","locations":[{"start":{"line":16,"column":12},"end":{"line":18,"column":null}}]},"1":{"loc":{"start":{"line":23,"column":21},"end":{"line":23,"column":33}},"type":"cond-expr","locations":[{"start":{"line":23,"column":26},"end":{"line":23,"column":30}},{"start":{"line":23,"column":21},"end":{"line":23,"column":33}}]},"2":{"loc":{"start":{"line":23,"column":21},"end":{"line":23,"column":30}},"type":"binary-expr","locations":[{"start":{"line":23,"column":21},"end":{"line":23,"column":30}},{"start":{"line":23,"column":21},"end":{"line":23,"column":30}}]},"3":{"loc":{"start":{"line":24,"column":8},"end":{"line":26,"column":null}},"type":"if","locations":[{"start":{"line":24,"column":8},"end":{"line":26,"column":null}}]},"4":{"loc":{"start":{"line":28,"column":8},"end":{"line":30,"column":null}},"type":"if","locations":[{"start":{"line":28,"column":8},"end":{"line":30,"column":null}}]},"5":{"loc":{"start":{"line":59,"column":54},"end":{"line":59,"column":88}},"type":"cond-expr","locations":[{"start":{"line":59,"column":67},"end":{"line":59,"column":82}},{"start":{"line":59,"column":85},"end":{"line":59,"column":88}}]},"6":{"loc":{"start":{"line":76,"column":14},"end":{"line":82,"column":null}},"type":"binary-expr","locations":[{"start":{"line":76,"column":14},"end":{"line":76,"column":23}},{"start":{"line":77,"column":16},"end":{"line":81,"column":null}}]}},"s":{"0":1,"1":1,"2":1,"3":1,"4":13,"5":13,"6":13,"7":11,"8":11,"9":3,"10":13,"11":6,"12":6,"13":2,"14":4,"15":1,"16":3,"17":3,"18":3,"19":13,"20":5,"21":5,"22":13,"23":1,"24":1,"25":13,"26":1,"27":13,"28":1,"29":1,"30":1,"31":13,"32":1},"f":{"0":13,"1":11,"2":11,"3":6,"4":5,"5":1,"6":1,"7":1},"b":{"0":[3],"1":[1,5],"2":[6,5],"3":[2],"4":[1],"5":[1,12],"6":[13,3]}}
,"/Users/atta/paint-mixer/src/components/MixGraph/MixGraph.tsx": {"path":"/Users/atta/paint-mixer/src/components/MixGraph/MixGraph.tsx","statementMap":{"0":{"start":{"line":1,"column":0},"end":{"line":1,"column":25}},"1":{"start":{"line":2,"column":0},"end":{"line":2,"column":43}},"2":{"start":{"line":10,"column":42},"end":{"line":26,"column":1}},"3":{"start":{"line":11,"column":2},"end":{"line":25,"column":null}},"4":{"start":{"line":13,"column":33},"end":{"line":13,"column":54}},"5":{"start":{"line":14,"column":8},"end":{"line":20,"column":null}},"6":{"start":{"line":28,"column":0},"end":{"line":28,"column":null}}},"fnMap":{"0":{"name":"(anonymous_1)","decl":{"start":{"line":10,"column":42},"end":{"line":10,"column":43}},"loc":{"start":{"line":10,"column":70},"end":{"line":26,"column":1}}},"1":{"name":"(anonymous_2)","decl":{"start":{"line":13,"column":23},"end":{"line":13,"column":29}},"loc":{"start":{"line":13,"column":33},"end":{"line":13,"column":54}}},"2":{"name":"(anonymous_3)","decl":{"start":{"line":13,"column":60},"end":{"line":13,"column":61}},"loc":{"start":{"line":14,"column":8},"end":{"line":20,"column":null}}}},"branchMap":{},"s":{"0":1,"1":1,"2":1,"3":3,"4":9,"5":6,"6":1},"f":{"0":3,"1":9,"2":6},"b":{}}
,"/Users/atta/paint-mixer/src/components/MixedColorContainer/MixedColorContainer.tsx": {"path":"/Users/atta/paint-mixer/src/components/MixedColorContainer/MixedColorContainer.tsx","statementMap":{"0":{"start":{"line":1,"column":0},"end":{"line":1,"column":25}},"1":{"start":{"line":2,"column":0},"end":{"line":2,"column":54}},"2":{"start":{"line":3,"column":0},"end":{"line":3,"column":64}},"3":{"start":{"line":4,"column":0},"end":{"line":4,"column":34}},"4":{"start":{"line":13,"column":64},"end":{"line":62,"column":1}},"5":{"start":{"line":15,"column":36},"end":{"line":15,"column":94}},"6":{"start":{"line":18,"column":4},"end":{"line":19,"column":null}},"7":{"start":{"line":21,"column":4},"end":{"line":61,"column":null}},"8":{"start":{"line":64,"column":0},"end":{"line":64,"column":null}}},"fnMap":{"0":{"name":"(anonymous_1)","decl":{"start":{"line":13,"column":64},"end":{"line":13,"column":65}},"loc":{"start":{"line":13,"column":136},"end":{"line":62,"column":1}}}},"branchMap":{"0":{"loc":{"start":{"line":18,"column":4},"end":{"line":19,"column":null}},"type":"if","locations":[{"start":{"line":18,"column":4},"end":{"line":19,"column":null}}]},"1":{"loc":{"start":{"line":25,"column":23},"end":{"line":25,"column":73}},"type":"cond-expr","locations":[{"start":{"line":25,"column":56},"end":{"line":25,"column":63}},{"start":{"line":25,"column":66},"end":{"line":25,"column":73}}]},"2":{"loc":{"start":{"line":30,"column":22},"end":{"line":33,"column":null}},"type":"binary-expr","locations":[{"start":{"line":30,"column":22},"end":{"line":30,"column":46}},{"start":{"line":31,"column":24},"end":{"line":31,"column":null}}]},"3":{"loc":{"start":{"line":37,"column":26},"end":{"line":40,"column":null}},"type":"binary-expr","locations":[{"start":{"line":37,"column":26},"end":{"line":37,"column":50}},{"start":{"line":38,"column":28},"end":{"line":39,"column":null}}]},"4":{"loc":{"start":{"line":43,"column":26},"end":{"line":46,"column":null}},"type":"binary-expr","locations":[{"start":{"line":43,"column":26},"end":{"line":43,"column":50}},{"start":{"line":44,"column":28},"end":{"line":45,"column":null}}]},"5":{"loc":{"start":{"line":51,"column":18},"end":{"line":57,"column":null}},"type":"binary-expr","locations":[{"start":{"line":51,"column":18},"end":{"line":51,"column":36}},{"start":{"line":52,"column":20},"end":{"line":56,"column":null}}]},"6":{"loc":{"start":{"line":53,"column":41},"end":{"line":53,"column":91}},"type":"cond-expr","locations":[{"start":{"line":53,"column":74},"end":{"line":53,"column":81}},{"start":{"line":53,"column":84},"end":{"line":53,"column":91}}]}},"s":{"0":1,"1":1,"2":1,"3":1,"4":1,"5":4,"6":4,"7":4,"8":1},"f":{"0":4},"b":{"0":[1],"1":[2,2],"2":[4,3],"3":[4,3],"4":[4,3],"5":[4,2],"6":[1,1]}}
,"/Users/atta/paint-mixer/src/components/PaintNameSearch/PaintNameSearch.tsx": {"path":"/Users/atta/paint-mixer/src/components/PaintNameSearch/PaintNameSearch.tsx","statementMap":{"0":{"start":{"line":1,"column":0},"end":{"line":1,"column":58}},"1":{"start":{"line":2,"column":0},"end":{"line":2,"column":50}},"2":{"start":{"line":14,"column":25},"end":{"line":14,"column":26}},"3":{"start":{"line":15,"column":20},"end":{"line":15,"column":21}},"4":{"start":{"line":16,"column":27},"end":{"line":16,"column":30}},"5":{"start":{"line":18,"column":23},"end":{"line":20,"column":1}},"6":{"start":{"line":19,"column":4},"end":{"line":19,"column":null}},"7":{"start":{"line":22,"column":56},"end":{"line":148,"column":1}},"8":{"start":{"line":23,"column":32},"end":{"line":23,"column":44}},"9":{"start":{"line":24,"column":36},"end":{"line":24,"column":67}},"10":{"start":{"line":25,"column":40},"end":{"line":25,"column":55}},"11":{"start":{"line":26,"column":32},"end":{"line":26,"column":61}},"12":{"start":{"line":27,"column":25},"end":{"line":27,"column":43}},"13":{"start":{"line":28,"column":25},"end":{"line":28,"column":34}},"14":{"start":{"line":30,"column":26},"end":{"line":80,"column":null}},"15":{"start":{"line":30,"column":69},"end":{"line":80,"column":null}},"16":{"start":{"line":31,"column":29},"end":{"line":31,"column":44}},"17":{"start":{"line":32,"column":8},"end":{"line":38,"column":null}},"18":{"start":{"line":33,"column":12},"end":{"line":33,"column":null}},"19":{"start":{"line":34,"column":12},"end":{"line":34,"column":null}},"20":{"start":{"line":35,"column":12},"end":{"line":35,"column":null}},"21":{"start":{"line":36,"column":12},"end":{"line":36,"column":null}},"22":{"start":{"line":37,"column":12},"end":{"line":37,"column":18}},"23":{"start":{"line":40,"column":8},"end":{"line":42,"column":null}},"24":{"start":{"line":41,"column":12},"end":{"line":41,"column":18}},"25":{"start":{"line":44,"column":8},"end":{"line":44,"column":null}},"26":{"start":{"line":45,"column":8},"end":{"line":45,"column":null}},"27":{"start":{"line":46,"column":8},"end":{"line":46,"column":null}},"28":{"start":{"line":47,"column":8},"end":{"line":47,"column":null}},"29":{"start":{"line":49,"column":26},"end":{"line":49,"column":48}},"30":{"start":{"line":51,"column":8},"end":{"line":79,"column":null}},"31":{"start":{"line":52,"column":29},"end":{"line":52,"column":120}},"32":{"start":{"line":53,"column":12},"end":{"line":55,"column":null}},"33":{"start":{"line":54,"column":16},"end":{"line":54,"column":null}},"34":{"start":{"line":56,"column":25},"end":{"line":56,"column":46}},"35":{"start":{"line":57,"column":12},"end":{"line":59,"column":null}},"36":{"start":{"line":58,"column":16},"end":{"line":58,"column":22}},"37":{"start":{"line":60,"column":27},"end":{"line":60,"column":73}},"38":{"start":{"line":61,"column":32},"end":{"line":65,"column":15}},"39":{"start":{"line":61,"column":82},"end":{"line":65,"column":14}},"40":{"start":{"line":67,"column":12},"end":{"line":67,"column":null}},"41":{"start":{"line":68,"column":12},"end":{"line":70,"column":null}},"42":{"start":{"line":69,"column":16},"end":{"line":69,"column":null}},"43":{"start":{"line":72,"column":12},"end":{"line":74,"column":null}},"44":{"start":{"line":73,"column":16},"end":{"line":73,"column":null}},"45":{"start":{"line":76,"column":12},"end":{"line":78,"column":null}},"46":{"start":{"line":77,"column":16},"end":{"line":77,"column":null}},"47":{"start":{"line":82,"column":25},"end":{"line":85,"column":5}},"48":{"start":{"line":83,"column":8},"end":{"line":83,"column":null}},"49":{"start":{"line":84,"column":8},"end":{"line":84,"column":null}},"50":{"start":{"line":87,"column":4},"end":{"line":104,"column":null}},"51":{"start":{"line":88,"column":8},"end":{"line":95,"column":null}},"52":{"start":{"line":89,"column":12},"end":{"line":89,"column":null}},"53":{"start":{"line":90,"column":12},"end":{"line":90,"column":null}},"54":{"start":{"line":91,"column":12},"end":{"line":91,"column":null}},"55":{"start":{"line":92,"column":12},"end":{"line":92,"column":null}},"56":{"start":{"line":93,"column":12},"end":{"line":93,"column":null}},"57":{"start":{"line":94,"column":12},"end":{"line":94,"column":18}},"58":{"start":{"line":97,"column":26},"end":{"line":99,"column":30}},"59":{"start":{"line":98,"column":12},"end":{"line":98,"column":null}},"60":{"start":{"line":101,"column":8},"end":{"line":103,"column":null}},"61":{"start":{"line":102,"column":12},"end":{"line":102,"column":null}},"62":{"start":{"line":106,"column":4},"end":{"line":147,"column":null}},"63":{"start":{"line":116,"column":46},"end":{"line":116,"column":74}},"64":{"start":{"line":129,"column":24},"end":{"line":141,"column":null}},"65":{"start":{"line":134,"column":44},"end":{"line":134,"column":88}},"66":{"start":{"line":150,"column":0},"end":{"line":150,"column":null}}},"fnMap":{"0":{"name":"(anonymous_14)","decl":{"start":{"line":18,"column":23},"end":{"line":18,"column":24}},"loc":{"start":{"line":18,"column":68},"end":{"line":20,"column":1}}},"1":{"name":"(anonymous_15)","decl":{"start":{"line":22,"column":56},"end":{"line":22,"column":57}},"loc":{"start":{"line":22,"column":78},"end":{"line":148,"column":1}}},"2":{"name":"(anonymous_16)","decl":{"start":{"line":30,"column":26},"end":{"line":30,"column":33}},"loc":{"start":{"line":30,"column":69},"end":{"line":80,"column":null}}},"3":{"name":"(anonymous_17)","decl":{"start":{"line":30,"column":69},"end":{"line":30,"column":null}},"loc":{"start":{"line":30,"column":69},"end":{"line":80,"column":5}}},"4":{"name":"(anonymous_18)","decl":{"start":{"line":61,"column":65},"end":{"line":61,"column":66}},"loc":{"start":{"line":61,"column":82},"end":{"line":65,"column":14}}},"5":{"name":"(anonymous_19)","decl":{"start":{"line":82,"column":25},"end":{"line":82,"column":26}},"loc":{"start":{"line":82,"column":69},"end":{"line":85,"column":5}}},"6":{"name":"(anonymous_20)","decl":{"start":{"line":87,"column":14},"end":{"line":87,"column":17}},"loc":{"start":{"line":87,"column":19},"end":{"line":104,"column":5}}},"7":{"name":"(anonymous_21)","decl":{"start":{"line":97,"column":44},"end":{"line":97,"column":47}},"loc":{"start":{"line":97,"column":49},"end":{"line":99,"column":9}}},"8":{"name":"(anonymous_22)","decl":{"start":{"line":101,"column":15},"end":{"line":101,"column":18}},"loc":{"start":{"line":101,"column":20},"end":{"line":103,"column":9}}},"9":{"name":"(anonymous_23)","decl":{"start":{"line":116,"column":35},"end":{"line":116,"column":36}},"loc":{"start":{"line":116,"column":46},"end":{"line":116,"column":74}}},"10":{"name":"(anonymous_24)","decl":{"start":{"line":128,"column":34},"end":{"line":128,"column":35}},"loc":{"start":{"line":129,"column":24},"end":{"line":141,"column":null}}},"11":{"name":"(anonymous_25)","decl":{"start":{"line":134,"column":38},"end":{"line":134,"column":41}},"loc":{"start":{"line":134,"column":44},"end":{"line":134,"column":88}}}},"branchMap":{"0":{"loc":{"start":{"line":32,"column":8},"end":{"line":38,"column":null}},"type":"if","locations":[{"start":{"line":32,"column":8},"end":{"line":38,"column":null}}]},"1":{"loc":{"start":{"line":36,"column":21},"end":{"line":36,"column":100}},"type":"cond-expr","locations":[{"start":{"line":36,"column":43},"end":{"line":36,"column":93}},{"start":{"line":36,"column":96},"end":{"line":36,"column":100}}]},"2":{"loc":{"start":{"line":40,"column":8},"end":{"line":42,"column":null}},"type":"if","locations":[{"start":{"line":40,"column":8},"end":{"line":42,"column":null}}]},"3":{"loc":{"start":{"line":40,"column":12},"end":{"line":40,"column":59}},"type":"binary-expr","locations":[{"start":{"line":40,"column":12},"end":{"line":40,"column":18}},{"start":{"line":40,"column":22},"end":{"line":40,"column":59}}]},"4":{"loc":{"start":{"line":53,"column":12},"end":{"line":55,"column":null}},"type":"if","locations":[{"start":{"line":53,"column":12},"end":{"line":55,"column":null}}]},"5":{"loc":{"start":{"line":57,"column":12},"end":{"line":59,"column":null}},"type":"if","locations":[{"start":{"line":57,"column":12},"end":{"line":59,"column":null}}]},"6":{"loc":{"start":{"line":60,"column":27},"end":{"line":60,"column":73}},"type":"cond-expr","locations":[{"start":{"line":60,"column":57},"end":{"line":60,"column":68}},{"start":{"line":60,"column":71},"end":{"line":60,"column":73}}]},"7":{"loc":{"start":{"line":60,"column":41},"end":{"line":60,"column":53}},"type":"cond-expr","locations":[{"start":{"line":60,"column":45},"end":{"line":60,"column":47}},{"start":{"line":60,"column":41},"end":{"line":60,"column":53}}]},"8":{"loc":{"start":{"line":60,"column":41},"end":{"line":60,"column":47}},"type":"binary-expr","locations":[{"start":{"line":60,"column":41},"end":{"line":60,"column":47}},{"start":{"line":60,"column":41},"end":{"line":60,"column":47}}]},"9":{"loc":{"start":{"line":68,"column":12},"end":{"line":70,"column":null}},"type":"if","locations":[{"start":{"line":68,"column":12},"end":{"line":70,"column":null}}]},"10":{"loc":{"start":{"line":72,"column":12},"end":{"line":74,"column":null}},"type":"if","locations":[{"start":{"line":72,"column":12},"end":{"line":74,"column":null}}]},"11":{"loc":{"start":{"line":76,"column":12},"end":{"line":78,"column":null}},"type":"if","locations":[{"start":{"line":76,"column":12},"end":{"line":78,"column":null}}]},"12":{"loc":{"start":{"line":88,"column":8},"end":{"line":95,"column":null}},"type":"if","locations":[{"start":{"line":88,"column":8},"end":{"line":95,"column":null}}]},"13":{"loc":{"start":{"line":123,"column":14},"end":{"line":123,"column":78}},"type":"binary-expr","locations":[{"start":{"line":123,"column":14},"end":{"line":123,"column":23}},{"start":{"line":123,"column":27},"end":{"line":123,"column":78}}]},"14":{"loc":{"start":{"line":124,"column":14},"end":{"line":124,"column":85}},"type":"binary-expr","locations":[{"start":{"line":124,"column":14},"end":{"line":124,"column":19}},{"start":{"line":124,"column":23},"end":{"line":124,"column":33}},{"start":{"line":124,"column":37},"end":{"line":124,"column":85}}]},"15":{"loc":{"start":{"line":126,"column":14},"end":{"line":144,"column":null}},"type":"binary-expr","locations":[{"start":{"line":126,"column":14},"end":{"line":126,"column":32}},{"start":{"line":127,"column":16},"end":{"line":143,"column":null}}]}},"s":{"0":1,"1":1,"2":1,"3":1,"4":1,"5":1,"6":4,"7":1,"8":49,"9":49,"10":49,"11":49,"12":49,"13":49,"14":49,"15":13,"16":13,"17":13,"18":2,"19":2,"20":2,"21":2,"22":2,"23":11,"24":1,"25":10,"26":10,"27":10,"28":10,"29":10,"30":10,"31":10,"32":9,"33":1,"34":8,"35":8,"36":1,"37":7,"38":7,"39":4,"40":7,"41":7,"42":3,"43":2,"44":2,"45":10,"46":9,"47":49,"48":2,"49":2,"50":49,"51":24,"52":12,"53":12,"54":12,"55":12,"56":12,"57":12,"58":12,"59":11,"60":12,"61":12,"62":49,"63":13,"64":6,"65":1,"66":1},"f":{"0":4,"1":49,"2":13,"3":13,"4":4,"5":2,"6":24,"7":11,"8":12,"9":13,"10":6,"11":1},"b":{"0":[2],"1":[1,1],"2":[1],"3":[11,11],"4":[1],"5":[1],"6":[5,2],"7":[1,6],"8":[7,6],"9":[3],"10":[2],"11":[9],"12":[12],"13":[49,3],"14":[49,6,6],"15":[49,6]}}
,"/Users/atta/paint-mixer/src/components/TargetColorContainer/TargetColorContainer.tsx": {"path":"/Users/atta/paint-mixer/src/components/TargetColorContainer/TargetColorContainer.tsx","statementMap":{"0":{"start":{"line":1,"column":0},"end":{"line":1,"column":25}},"1":{"start":{"line":2,"column":0},"end":{"line":2,"column":55}},"2":{"start":{"line":3,"column":0},"end":{"line":3,"column":34}},"3":{"start":{"line":4,"column":0},"end":{"line":4,"column":65}},"4":{"start":{"line":5,"column":0},"end":{"line":5,"column":52}},"5":{"start":{"line":18,"column":66},"end":{"line":56,"column":1}},"6":{"start":{"line":26,"column":4},"end":{"line":55,"column":null}},"7":{"start":{"line":39,"column":44},"end":{"line":39,"column":80}},"8":{"start":{"line":40,"column":46},"end":{"line":40,"column":82}},"9":{"start":{"line":58,"column":0},"end":{"line":58,"column":null}}},"fnMap":{"0":{"name":"(anonymous_1)","decl":{"start":{"line":18,"column":66},"end":{"line":18,"column":67}},"loc":{"start":{"line":25,"column":5},"end":{"line":56,"column":1}}},"1":{"name":"(anonymous_2)","decl":{"start":{"line":39,"column":38},"end":{"line":39,"column":41}},"loc":{"start":{"line":39,"column":44},"end":{"line":39,"column":80}}},"2":{"name":"(anonymous_3)","decl":{"start":{"line":40,"column":40},"end":{"line":40,"column":43}},"loc":{"start":{"line":40,"column":46},"end":{"line":40,"column":82}}}},"branchMap":{"0":{"loc":{"start":{"line":27,"column":8},"end":{"line":53,"column":null}},"type":"binary-expr","locations":[{"start":{"line":27,"column":8},"end":{"line":27,"column":26}},{"start":{"line":28,"column":12},"end":{"line":52,"column":null}}]},"1":{"loc":{"start":{"line":31,"column":27},"end":{"line":31,"column":90}},"type":"cond-expr","locations":[{"start":{"line":31,"column":73},"end":{"line":31,"column":80}},{"start":{"line":31,"column":83},"end":{"line":31,"column":90}}]},"2":{"loc":{"start":{"line":34,"column":18},"end":{"line":42,"column":null}},"type":"binary-expr","locations":[{"start":{"line":34,"column":18},"end":{"line":34,"column":44}},{"start":{"line":35,"column":20},"end":{"line":41,"column":null}}]},"3":{"loc":{"start":{"line":44,"column":18},"end":{"line":51,"column":null}},"type":"binary-expr","locations":[{"start":{"line":44,"column":18},"end":{"line":44,"column":45}},{"start":{"line":45,"column":20},"end":{"line":50,"column":null}}]}},"s":{"0":1,"1":1,"2":1,"3":1,"4":1,"5":1,"6":5,"7":1,"8":1,"9":1},"f":{"0":5,"1":1,"2":1},"b":{"0":[5,4],"1":[3,1],"2":[4,2],"3":[4,2]}}
,"/Users/atta/paint-mixer/src/data/hooks/useColorName.tsx": {"path":"/Users/atta/paint-mixer/src/data/hooks/useColorName.tsx","statementMap":{"0":{"start":{"line":1,"column":28},"end":{"line":9,"column":null}},"1":{"start":{"line":1,"column":72},"end":{"line":9,"column":null}},"2":{"start":{"line":2,"column":4},"end":{"line":8,"column":null}},"3":{"start":{"line":3,"column":25},"end":{"line":3,"column":88}},"4":{"start":{"line":4,"column":21},"end":{"line":4,"column":42}},"5":{"start":{"line":5,"column":8},"end":{"line":5,"column":null}},"6":{"start":{"line":7,"column":8},"end":{"line":7,"column":24}},"7":{"start":{"line":1,"column":13},"end":{"line":1,"column":28}}},"fnMap":{"0":{"name":"(anonymous_7)","decl":{"start":{"line":1,"column":28},"end":{"line":1,"column":35}},"loc":{"start":{"line":1,"column":72},"end":{"line":9,"column":null}}},"1":{"name":"(anonymous_8)","decl":{"start":{"line":1,"column":72},"end":{"line":1,"column":null}},"loc":{"start":{"line":1,"column":72},"end":{"line":9,"column":1}}}},"branchMap":{},"s":{"0":1,"1":1,"2":1,"3":1,"4":1,"5":1,"6":1,"7":1},"f":{"0":1,"1":1},"b":{}}
,"/Users/atta/paint-mixer/src/data/hooks/usePaletteManager.ts": {"path":"/Users/atta/paint-mixer/src/data/hooks/usePaletteManager.ts","statementMap":{"0":{"start":{"line":1,"column":0},"end":{"line":1,"column":35}},"1":{"start":{"line":3,"column":0},"end":{"line":3,"column":49}},"2":{"start":{"line":5,"column":26},"end":{"line":82,"column":1}},"3":{"start":{"line":6,"column":47},"end":{"line":6,"column":77}},"4":{"start":{"line":8,"column":31},"end":{"line":14,"column":null}},"5":{"start":{"line":10,"column":26},"end":{"line":10,"column":38}},"6":{"start":{"line":11,"column":3},"end":{"line":11,"column":null}},"7":{"start":{"line":12,"column":3},"end":{"line":12,"column":null}},"8":{"start":{"line":17,"column":31},"end":{"line":24,"column":null}},"9":{"start":{"line":19,"column":26},"end":{"line":19,"column":38}},"10":{"start":{"line":20,"column":3},"end":{"line":21,"column":null}},"11":{"start":{"line":21,"column":4},"end":{"line":21,"column":null}},"12":{"start":{"line":22,"column":3},"end":{"line":22,"column":null}},"13":{"start":{"line":27,"column":33},"end":{"line":33,"column":null}},"14":{"start":{"line":29,"column":26},"end":{"line":29,"column":38}},"15":{"start":{"line":30,"column":3},"end":{"line":30,"column":null}},"16":{"start":{"line":31,"column":3},"end":{"line":31,"column":null}},"17":{"start":{"line":36,"column":22},"end":{"line":42,"column":14}},"18":{"start":{"line":37,"column":23},"end":{"line":40,"column":5}},"19":{"start":{"line":37,"column":46},"end":{"line":39,"column":null}},"20":{"start":{"line":41,"column":2},"end":{"line":41,"column":null}},"21":{"start":{"line":44,"column":25},"end":{"line":48,"column":2}},"22":{"start":{"line":45,"column":25},"end":{"line":45,"column":37}},"23":{"start":{"line":46,"column":2},"end":{"line":46,"column":null}},"24":{"start":{"line":47,"column":2},"end":{"line":47,"column":null}},"25":{"start":{"line":50,"column":23},"end":{"line":70,"column":null}},"26":{"start":{"line":52,"column":3},"end":{"line":68,"column":null}},"27":{"start":{"line":53,"column":27},"end":{"line":56,"column":7}},"28":{"start":{"line":53,"column":57},"end":{"line":55,"column":null}},"29":{"start":{"line":58,"column":4},"end":{"line":65,"column":null}},"30":{"start":{"line":59,"column":5},"end":{"line":64,"column":null}},"31":{"start":{"line":60,"column":6},"end":{"line":63,"column":null}},"32":{"start":{"line":67,"column":4},"end":{"line":67,"column":null}},"33":{"start":{"line":72,"column":1},"end":{"line":81,"column":null}},"34":{"start":{"line":84,"column":0},"end":{"line":84,"column":null}}},"fnMap":{"0":{"name":"(anonymous_0)","decl":{"start":{"line":5,"column":26},"end":{"line":5,"column":27}},"loc":{"start":{"line":5,"column":74},"end":{"line":82,"column":1}}},"1":{"name":"(anonymous_1)","decl":{"start":{"line":9,"column":2},"end":{"line":9,"column":3}},"loc":{"start":{"line":9,"column":20},"end":{"line":13,"column":3}}},"2":{"name":"(anonymous_2)","decl":{"start":{"line":18,"column":2},"end":{"line":18,"column":3}},"loc":{"start":{"line":18,"column":20},"end":{"line":23,"column":3}}},"3":{"name":"(anonymous_3)","decl":{"start":{"line":28,"column":2},"end":{"line":28,"column":3}},"loc":{"start":{"line":28,"column":20},"end":{"line":32,"column":3}}},"4":{"name":"(anonymous_4)","decl":{"start":{"line":36,"column":34},"end":{"line":36,"column":37}},"loc":{"start":{"line":36,"column":39},"end":{"line":42,"column":2}}},"5":{"name":"(anonymous_5)","decl":{"start":{"line":37,"column":35},"end":{"line":37,"column":36}},"loc":{"start":{"line":37,"column":46},"end":{"line":39,"column":null}}},"6":{"name":"(anonymous_6)","decl":{"start":{"line":44,"column":25},"end":{"line":44,"column":26}},"loc":{"start":{"line":44,"column":60},"end":{"line":48,"column":2}}},"7":{"name":"(anonymous_7)","decl":{"start":{"line":51,"column":2},"end":{"line":51,"column":3}},"loc":{"start":{"line":51,"column":55},"end":{"line":69,"column":3}}},"8":{"name":"(anonymous_8)","decl":{"start":{"line":52,"column":14},"end":{"line":52,"column":15}},"loc":{"start":{"line":52,"column":33},"end":{"line":68,"column":4}}},"9":{"name":"(anonymous_9)","decl":{"start":{"line":53,"column":46},"end":{"line":53,"column":47}},"loc":{"start":{"line":53,"column":57},"end":{"line":55,"column":null}}}},"branchMap":{"0":{"loc":{"start":{"line":20,"column":3},"end":{"line":21,"column":null}},"type":"if","locations":[{"start":{"line":20,"column":3},"end":{"line":21,"column":null}}]},"1":{"loc":{"start":{"line":59,"column":5},"end":{"line":64,"column":null}},"type":"if","locations":[{"start":{"line":59,"column":5},"end":{"line":64,"column":null}}]}},"s":{"0":1,"1":1,"2":1,"3":28,"4":28,"5":1,"6":1,"7":1,"8":28,"9":1,"10":1,"11":1,"12":1,"13":28,"14":1,"15":1,"16":1,"17":28,"18":1,"19":15,"20":1,"21":28,"22":1,"23":1,"24":1,"25":28,"26":1,"27":1,"28":15,"29":1,"30":2,"31":2,"32":1,"33":28,"34":1},"f":{"0":28,"1":1,"2":1,"3":1,"4":1,"5":15,"6":1,"7":1,"8":1,"9":15},"b":{"0":[1],"1":[2]}}
,"/Users/atta/paint-mixer/src/data/hooks/useSwatchAdder.tsx": {"path":"/Users/atta/paint-mixer/src/data/hooks/useSwatchAdder.tsx","statementMap":{"0":{"start":{"line":1,"column":0},"end":{"line":1,"column":32}},"1":{"start":{"line":2,"column":0},"end":{"line":2,"column":34}},"2":{"start":{"line":4,"column":0},"end":{"line":4,"column":45}},"3":{"start":{"line":6,"column":30},"end":{"line":45,"column":1}},"4":{"start":{"line":7,"column":36},"end":{"line":7,"column":73}},"5":{"start":{"line":9,"column":25},"end":{"line":37,"column":null}},"6":{"start":{"line":9,"column":101},"end":{"line":37,"column":null}},"7":{"start":{"line":11,"column":8},"end":{"line":36,"column":null}},"8":{"start":{"line":13,"column":33},"end":{"line":13,"column":47}},"9":{"start":{"line":14,"column":29},"end":{"line":14,"column":63}},"10":{"start":{"line":16,"column":30},"end":{"line":16,"column":null}},"11":{"start":{"line":19,"column":40},"end":{"line":24,"column":null}},"12":{"start":{"line":27,"column":12},"end":{"line":29,"column":null}},"13":{"start":{"line":28,"column":16},"end":{"line":28,"column":null}},"14":{"start":{"line":28,"column":58},"end":{"line":28,"column":78}},"15":{"start":{"line":31,"column":12},"end":{"line":31,"column":null}},"16":{"start":{"line":32,"column":12},"end":{"line":32,"column":null}},"17":{"start":{"line":35,"column":12},"end":{"line":35,"column":null}},"18":{"start":{"line":39,"column":29},"end":{"line":42,"column":5}},"19":{"start":{"line":40,"column":32},"end":{"line":40,"column":66}},"20":{"start":{"line":41,"column":8},"end":{"line":41,"column":null}},"21":{"start":{"line":41,"column":38},"end":{"line":41,"column":99}},"22":{"start":{"line":44,"column":4},"end":{"line":44,"column":null}},"23":{"start":{"line":6,"column":13},"end":{"line":6,"column":30}}},"fnMap":{"0":{"name":"(anonymous_8)","decl":{"start":{"line":6,"column":30},"end":{"line":6,"column":31}},"loc":{"start":{"line":6,"column":62},"end":{"line":45,"column":1}}},"1":{"name":"(anonymous_9)","decl":{"start":{"line":9,"column":25},"end":{"line":9,"column":32}},"loc":{"start":{"line":9,"column":101},"end":{"line":37,"column":null}}},"2":{"name":"(anonymous_10)","decl":{"start":{"line":9,"column":101},"end":{"line":9,"column":null}},"loc":{"start":{"line":9,"column":101},"end":{"line":37,"column":5}}},"3":{"name":"(anonymous_11)","decl":{"start":{"line":28,"column":49},"end":{"line":28,"column":54}},"loc":{"start":{"line":28,"column":58},"end":{"line":28,"column":78}}},"4":{"name":"(anonymous_12)","decl":{"start":{"line":39,"column":29},"end":{"line":39,"column":30}},"loc":{"start":{"line":39,"column":51},"end":{"line":42,"column":5}}},"5":{"name":"(anonymous_13)","decl":{"start":{"line":41,"column":28},"end":{"line":41,"column":34}},"loc":{"start":{"line":41,"column":38},"end":{"line":41,"column":99}}}},"branchMap":{"0":{"loc":{"start":{"line":11,"column":8},"end":{"line":36,"column":null}},"type":"if","locations":[{"start":{"line":11,"column":8},"end":{"line":36,"column":null}},{"start":{"line":34,"column":15},"end":{"line":36,"column":null}}]},"1":{"loc":{"start":{"line":16,"column":30},"end":{"line":16,"column":null}},"type":"binary-expr","locations":[{"start":{"line":16,"column":30},"end":{"line":16,"column":51}},{"start":{"line":16,"column":55},"end":{"line":16,"column":96}}]},"2":{"loc":{"start":{"line":16,"column":30},"end":{"line":16,"column":51}},"type":"cond-expr","locations":[{"start":{"line":16,"column":43},"end":{"line":16,"column":45}},{"start":{"line":16,"column":30},"end":{"line":16,"column":51}}]},"3":{"loc":{"start":{"line":16,"column":30},"end":{"line":16,"column":45}},"type":"binary-expr","locations":[{"start":{"line":16,"column":30},"end":{"line":16,"column":45}},{"start":{"line":16,"column":30},"end":{"line":16,"column":45}}]},"4":{"loc":{"start":{"line":27,"column":12},"end":{"line":29,"column":null}},"type":"if","locations":[{"start":{"line":27,"column":12},"end":{"line":29,"column":null}}]}},"s":{"0":2,"1":2,"2":2,"3":2,"4":31,"5":31,"6":3,"7":3,"8":2,"9":2,"10":2,"11":2,"12":2,"13":1,"14":1,"15":2,"16":2,"17":1,"18":31,"19":3,"20":3,"21":17,"22":31,"23":2},"f":{"0":31,"1":3,"2":3,"3":1,"4":3,"5":17},"b":{"0":[2,1],"1":[2,1],"2":[1,1],"3":[2,2],"4":[1]}}
,"/Users/atta/paint-mixer/src/utils/colorConversion.tsx": {"path":"/Users/atta/paint-mixer/src/utils/colorConversion.tsx","statementMap":{"0":{"start":{"line":13,"column":34},"end":{"line":25,"column":1}},"1":{"start":{"line":14,"column":4},"end":{"line":24,"column":null}},"2":{"start":{"line":15,"column":8},"end":{"line":15,"column":null}},"3":{"start":{"line":16,"column":11},"end":{"line":24,"column":null}},"4":{"start":{"line":17,"column":22},"end":{"line":17,"column":68}},"5":{"start":{"line":18,"column":8},"end":{"line":20,"column":null}},"6":{"start":{"line":19,"column":12},"end":{"line":19,"column":null}},"7":{"start":{"line":21,"column":8},"end":{"line":21,"column":null}},"8":{"start":{"line":23,"column":8},"end":{"line":23,"column":null}},"9":{"start":{"line":13,"column":13},"end":{"line":13,"column":34}},"10":{"start":{"line":33,"column":30},"end":{"line":43,"column":1}},"11":{"start":{"line":34,"column":18},"end":{"line":34,"column":67}},"12":{"start":{"line":35,"column":4},"end":{"line":41,"column":null}},"13":{"start":{"line":36,"column":8},"end":{"line":40,"column":null}},"14":{"start":{"line":42,"column":4},"end":{"line":42,"column":32}},"15":{"start":{"line":33,"column":13},"end":{"line":33,"column":30}},"16":{"start":{"line":51,"column":25},"end":{"line":89,"column":1}},"17":{"start":{"line":52,"column":14},"end":{"line":52,"column":26}},"18":{"start":{"line":53,"column":14},"end":{"line":53,"column":46}},"19":{"start":{"line":54,"column":14},"end":{"line":54,"column":46}},"20":{"start":{"line":56,"column":14},"end":{"line":56,"column":46}},"21":{"start":{"line":60,"column":20},"end":{"line":67,"column":5}},"22":{"start":{"line":61,"column":8},"end":{"line":61,"column":null}},"23":{"start":{"line":61,"column":19},"end":{"line":61,"column":null}},"24":{"start":{"line":62,"column":8},"end":{"line":62,"column":null}},"25":{"start":{"line":62,"column":19},"end":{"line":62,"column":null}},"26":{"start":{"line":63,"column":8},"end":{"line":63,"column":null}},"27":{"start":{"line":63,"column":23},"end":{"line":63,"column":null}},"28":{"start":{"line":64,"column":8},"end":{"line":64,"column":null}},"29":{"start":{"line":64,"column":23},"end":{"line":64,"column":null}},"30":{"start":{"line":65,"column":8},"end":{"line":65,"column":null}},"31":{"start":{"line":65,"column":23},"end":{"line":65,"column":null}},"32":{"start":{"line":66,"column":8},"end":{"line":66,"column":null}},"33":{"start":{"line":69,"column":4},"end":{"line":77,"column":null}},"34":{"start":{"line":70,"column":8},"end":{"line":70,"column":22}},"35":{"start":{"line":72,"column":18},"end":{"line":72,"column":55}},"36":{"start":{"line":73,"column":18},"end":{"line":73,"column":27}},"37":{"start":{"line":74,"column":8},"end":{"line":74,"column":null}},"38":{"start":{"line":75,"column":8},"end":{"line":75,"column":null}},"39":{"start":{"line":76,"column":8},"end":{"line":76,"column":null}},"40":{"start":{"line":79,"column":18},"end":{"line":82,"column":5}},"41":{"start":{"line":80,"column":20},"end":{"line":80,"column":52}},"42":{"start":{"line":81,"column":8},"end":{"line":81,"column":null}},"43":{"start":{"line":85,"column":21},"end":{"line":85,"column":70}},"44":{"start":{"line":88,"column":4},"end":{"line":88,"column":null}},"45":{"start":{"line":51,"column":13},"end":{"line":51,"column":25}},"46":{"start":{"line":98,"column":28},"end":{"line":107,"column":1}},"47":{"start":{"line":99,"column":4},"end":{"line":99,"column":29}},"48":{"start":{"line":99,"column":20},"end":{"line":99,"column":29}},"49":{"start":{"line":100,"column":4},"end":{"line":100,"column":29}},"50":{"start":{"line":100,"column":20},"end":{"line":100,"column":29}},"51":{"start":{"line":102,"column":4},"end":{"line":106,"column":null}},"52":{"start":{"line":103,"column":8},"end":{"line":103,"column":null}},"53":{"start":{"line":105,"column":8},"end":{"line":105,"column":null}},"54":{"start":{"line":98,"column":13},"end":{"line":98,"column":28}},"55":{"start":{"line":116,"column":24},"end":{"line":129,"column":1}},"56":{"start":{"line":118,"column":18},"end":{"line":118,"column":45}},"57":{"start":{"line":119,"column":18},"end":{"line":119,"column":45}},"58":{"start":{"line":120,"column":18},"end":{"line":120,"column":45}},"59":{"start":{"line":123,"column":12},"end":{"line":123,"column":75}},"60":{"start":{"line":124,"column":12},"end":{"line":124,"column":75}},"61":{"start":{"line":125,"column":12},"end":{"line":125,"column":75}},"62":{"start":{"line":128,"column":4},"end":{"line":128,"column":null}},"63":{"start":{"line":116,"column":13},"end":{"line":116,"column":24}},"64":{"start":{"line":137,"column":24},"end":{"line":170,"column":1}},"65":{"start":{"line":139,"column":15},"end":{"line":139,"column":21}},"66":{"start":{"line":140,"column":15},"end":{"line":140,"column":22}},"67":{"start":{"line":141,"column":15},"end":{"line":141,"column":22}},"68":{"start":{"line":143,"column":12},"end":{"line":143,"column":24}},"69":{"start":{"line":144,"column":12},"end":{"line":144,"column":24}},"70":{"start":{"line":145,"column":12},"end":{"line":145,"column":24}},"71":{"start":{"line":147,"column":4},"end":{"line":151,"column":null}},"72":{"start":{"line":148,"column":8},"end":{"line":148,"column":null}},"73":{"start":{"line":150,"column":8},"end":{"line":150,"column":null}},"74":{"start":{"line":153,"column":4},"end":{"line":157,"column":null}},"75":{"start":{"line":154,"column":8},"end":{"line":154,"column":null}},"76":{"start":{"line":156,"column":8},"end":{"line":156,"column":null}},"77":{"start":{"line":159,"column":4},"end":{"line":163,"column":null}},"78":{"start":{"line":160,"column":8},"end":{"line":160,"column":null}},"79":{"start":{"line":162,"column":8},"end":{"line":162,"column":null}},"80":{"start":{"line":165,"column":14},"end":{"line":165,"column":28}},"81":{"start":{"line":166,"column":14},"end":{"line":166,"column":27}},"82":{"start":{"line":167,"column":14},"end":{"line":167,"column":27}},"83":{"start":{"line":169,"column":4},"end":{"line":169,"column":null}},"84":{"start":{"line":137,"column":13},"end":{"line":137,"column":24}},"85":{"start":{"line":179,"column":24},"end":{"line":201,"column":1}},"86":{"start":{"line":180,"column":15},"end":{"line":180,"column":16}},"87":{"start":{"line":181,"column":15},"end":{"line":181,"column":16}},"88":{"start":{"line":182,"column":15},"end":{"line":182,"column":16}},"89":{"start":{"line":183,"column":15},"end":{"line":183,"column":20}},"90":{"start":{"line":184,"column":15},"end":{"line":184,"column":20}},"91":{"start":{"line":185,"column":15},"end":{"line":185,"column":16}},"92":{"start":{"line":186,"column":15},"end":{"line":186,"column":68}},"93":{"start":{"line":187,"column":15},"end":{"line":187,"column":68}},"94":{"start":{"line":189,"column":19},"end":{"line":189,"column":34}},"95":{"start":{"line":190,"column":19},"end":{"line":190,"column":34}},"96":{"start":{"line":191,"column":19},"end":{"line":191,"column":34}},"97":{"start":{"line":192,"column":19},"end":{"line":192,"column":110}},"98":{"start":{"line":193,"column":20},"end":{"line":193,"column":71}},"99":{"start":{"line":194,"column":19},"end":{"line":194,"column":50}},"100":{"start":{"line":196,"column":14},"end":{"line":196,"column":32}},"101":{"start":{"line":197,"column":14},"end":{"line":197,"column":32}},"102":{"start":{"line":198,"column":14},"end":{"line":198,"column":32}},"103":{"start":{"line":200,"column":4},"end":{"line":200,"column":null}},"104":{"start":{"line":179,"column":13},"end":{"line":179,"column":24}}},"fnMap":{"0":{"name":"(anonymous_0)","decl":{"start":{"line":13,"column":34},"end":{"line":13,"column":35}},"loc":{"start":{"line":13,"column":77},"end":{"line":25,"column":1}}},"1":{"name":"(anonymous_1)","decl":{"start":{"line":33,"column":30},"end":{"line":33,"column":31}},"loc":{"start":{"line":33,"column":57},"end":{"line":43,"column":1}}},"2":{"name":"(anonymous_2)","decl":{"start":{"line":51,"column":25},"end":{"line":51,"column":26}},"loc":{"start":{"line":51,"column":48},"end":{"line":89,"column":1}}},"3":{"name":"(anonymous_3)","decl":{"start":{"line":60,"column":20},"end":{"line":60,"column":21}},"loc":{"start":{"line":60,"column":56},"end":{"line":67,"column":5}}},"4":{"name":"(anonymous_4)","decl":{"start":{"line":79,"column":18},"end":{"line":79,"column":19}},"loc":{"start":{"line":79,"column":32},"end":{"line":82,"column":5}}},"5":{"name":"(anonymous_5)","decl":{"start":{"line":98,"column":28},"end":{"line":98,"column":29}},"loc":{"start":{"line":98,"column":54},"end":{"line":107,"column":1}}},"6":{"name":"(anonymous_6)","decl":{"start":{"line":116,"column":24},"end":{"line":116,"column":25}},"loc":{"start":{"line":116,"column":42},"end":{"line":129,"column":1}}},"7":{"name":"(anonymous_7)","decl":{"start":{"line":137,"column":24},"end":{"line":137,"column":25}},"loc":{"start":{"line":137,"column":42},"end":{"line":170,"column":1}}},"8":{"name":"(anonymous_8)","decl":{"start":{"line":179,"column":24},"end":{"line":179,"column":25}},"loc":{"start":{"line":179,"column":57},"end":{"line":201,"column":1}}}},"branchMap":{"0":{"loc":{"start":{"line":14,"column":4},"end":{"line":24,"column":null}},"type":"if","locations":[{"start":{"line":14,"column":4},"end":{"line":24,"column":null}},{"start":{"line":16,"column":11},"end":{"line":24,"column":null}}]},"1":{"loc":{"start":{"line":14,"column":8},"end":{"line":14,"column":49}},"type":"binary-expr","locations":[{"start":{"line":14,"column":8},"end":{"line":14,"column":28}},{"start":{"line":14,"column":32},"end":{"line":14,"column":49}}]},"2":{"loc":{"start":{"line":16,"column":11},"end":{"line":24,"column":null}},"type":"if","locations":[{"start":{"line":16,"column":11},"end":{"line":24,"column":null}},{"start":{"line":22,"column":11},"end":{"line":24,"column":null}}]},"3":{"loc":{"start":{"line":18,"column":8},"end":{"line":20,"column":null}},"type":"if","locations":[{"start":{"line":18,"column":8},"end":{"line":20,"column":null}}]},"4":{"loc":{"start":{"line":35,"column":4},"end":{"line":41,"column":null}},"type":"if","locations":[{"start":{"line":35,"column":4},"end":{"line":41,"column":null}}]},"5":{"loc":{"start":{"line":61,"column":8},"end":{"line":61,"column":null}},"type":"if","locations":[{"start":{"line":61,"column":8},"end":{"line":61,"column":null}}]},"6":{"loc":{"start":{"line":62,"column":8},"end":{"line":62,"column":null}},"type":"if","locations":[{"start":{"line":62,"column":8},"end":{"line":62,"column":null}}]},"7":{"loc":{"start":{"line":63,"column":8},"end":{"line":63,"column":null}},"type":"if","locations":[{"start":{"line":63,"column":8},"end":{"line":63,"column":null}}]},"8":{"loc":{"start":{"line":64,"column":8},"end":{"line":64,"column":null}},"type":"if","locations":[{"start":{"line":64,"column":8},"end":{"line":64,"column":null}}]},"9":{"loc":{"start":{"line":65,"column":8},"end":{"line":65,"column":null}},"type":"if","locations":[{"start":{"line":65,"column":8},"end":{"line":65,"column":null}}]},"10":{"loc":{"start":{"line":69,"column":4},"end":{"line":77,"column":null}},"type":"if","locations":[{"start":{"line":69,"column":4},"end":{"line":77,"column":null}},{"start":{"line":71,"column":11},"end":{"line":77,"column":null}}]},"11":{"loc":{"start":{"line":72,"column":18},"end":{"line":72,"column":55}},"type":"cond-expr","locations":[{"start":{"line":72,"column":28},"end":{"line":72,"column":39}},{"start":{"line":72,"column":42},"end":{"line":72,"column":55}}]},"12":{"loc":{"start":{"line":81,"column":15},"end":{"line":81,"column":49}},"type":"cond-expr","locations":[{"start":{"line":81,"column":34},"end":{"line":81,"column":43}},{"start":{"line":81,"column":46},"end":{"line":81,"column":49}}]},"13":{"loc":{"start":{"line":88,"column":11},"end":{"line":88,"column":131}},"type":"cond-expr","locations":[{"start":{"line":88,"column":31},"end":{"line":88,"column":73}},{"start":{"line":88,"column":76},"end":{"line":88,"column":131}}]},"14":{"loc":{"start":{"line":99,"column":4},"end":{"line":99,"column":29}},"type":"if","locations":[{"start":{"line":99,"column":4},"end":{"line":99,"column":29}}]},"15":{"loc":{"start":{"line":100,"column":4},"end":{"line":100,"column":29}},"type":"if","locations":[{"start":{"line":100,"column":4},"end":{"line":100,"column":29}}]},"16":{"loc":{"start":{"line":102,"column":4},"end":{"line":106,"column":null}},"type":"if","locations":[{"start":{"line":102,"column":4},"end":{"line":106,"column":null}},{"start":{"line":104,"column":11},"end":{"line":106,"column":null}}]},"17":{"loc":{"start":{"line":147,"column":4},"end":{"line":151,"column":null}},"type":"if","locations":[{"start":{"line":147,"column":4},"end":{"line":151,"column":null}},{"start":{"line":149,"column":11},"end":{"line":151,"column":null}}]},"18":{"loc":{"start":{"line":153,"column":4},"end":{"line":157,"column":null}},"type":"if","locations":[{"start":{"line":153,"column":4},"end":{"line":157,"column":null}},{"start":{"line":155,"column":11},"end":{"line":157,"column":null}}]},"19":{"loc":{"start":{"line":159,"column":4},"end":{"line":163,"column":null}},"type":"if","locations":[{"start":{"line":159,"column":4},"end":{"line":163,"column":null}},{"start":{"line":161,"column":11},"end":{"line":163,"column":null}}]}},"s":{"0":4,"1":106,"2":92,"3":14,"4":12,"5":12,"6":8,"7":4,"8":2,"9":4,"10":4,"11":6,"12":6,"13":4,"14":2,"15":4,"16":4,"17":22,"18":22,"19":22,"20":22,"21":22,"22":51,"23":3,"24":51,"25":4,"26":51,"27":4,"28":47,"29":17,"30":30,"31":11,"32":19,"33":22,"34":5,"35":17,"36":17,"37":17,"38":17,"39":17,"40":22,"41":66,"42":66,"43":22,"44":22,"45":4,"46":4,"47":428,"48":88,"49":340,"50":29,"51":311,"52":156,"53":155,"54":4,"55":4,"56":138,"57":138,"58":138,"59":138,"60":138,"61":138,"62":138,"63":4,"64":4,"65":134,"66":134,"67":134,"68":134,"69":134,"70":134,"71":134,"72":92,"73":42,"74":134,"75":92,"76":42,"77":134,"78":92,"79":42,"80":134,"81":134,"82":134,"83":134,"84":4,"85":4,"86":132,"87":132,"88":132,"89":132,"90":132,"91":132,"92":132,"93":132,"94":132,"95":132,"96":132,"97":132,"98":132,"99":132,"100":132,"101":132,"102":132,"103":132,"104":4},"f":{"0":106,"1":6,"2":22,"3":51,"4":66,"5":428,"6":138,"7":134,"8":132},"b":{"0":[92,14],"1":[106,93],"2":[12,2],"3":[8],"4":[4],"5":[3],"6":[4],"7":[4],"8":[17],"9":[11],"10":[5,17],"11":[1,16],"12":[12,54],"13":[16,6],"14":[88],"15":[29],"16":[156,155],"17":[92,42],"18":[92,42],"19":[92,42]}}
,"/Users/atta/paint-mixer/src/utils/extractDominantColors.ts": {"path":"/Users/atta/paint-mixer/src/utils/extractDominantColors.ts","statementMap":{"0":{"start":{"line":3,"column":26},"end":{"line":3,"column":31}},"1":{"start":{"line":4,"column":18},"end":{"line":4,"column":21}},"2":{"start":{"line":5,"column":26},"end":{"line":5,"column":28}},"3":{"start":{"line":7,"column":20},"end":{"line":9,"column":1}},"4":{"start":{"line":8,"column":4},"end":{"line":8,"column":null}},"5":{"start":{"line":11,"column":24},"end":{"line":26,"column":1}},"6":{"start":{"line":12,"column":24},"end":{"line":12,"column":53}},"7":{"start":{"line":13,"column":19},"end":{"line":13,"column":75}},"8":{"start":{"line":14,"column":33},"end":{"line":14,"column":35}},"9":{"start":{"line":16,"column":4},"end":{"line":23,"column":null}},"10":{"start":{"line":16,"column":17},"end":{"line":16,"column":18}},"11":{"start":{"line":17,"column":20},"end":{"line":17,"column":25}},"12":{"start":{"line":18,"column":22},"end":{"line":18,"column":39}},"13":{"start":{"line":19,"column":8},"end":{"line":21,"column":null}},"14":{"start":{"line":20,"column":12},"end":{"line":20,"column":20}},"15":{"start":{"line":22,"column":8},"end":{"line":22,"column":null}},"16":{"start":{"line":25,"column":4},"end":{"line":25,"column":null}},"17":{"start":{"line":28,"column":24},"end":{"line":33,"column":1}},"18":{"start":{"line":29,"column":15},"end":{"line":29,"column":30}},"19":{"start":{"line":30,"column":15},"end":{"line":30,"column":30}},"20":{"start":{"line":31,"column":15},"end":{"line":31,"column":30}},"21":{"start":{"line":32,"column":4},"end":{"line":32,"column":null}},"22":{"start":{"line":35,"column":28},"end":{"line":93,"column":1}},"23":{"start":{"line":36,"column":35},"end":{"line":36,"column":37}},"24":{"start":{"line":38,"column":15},"end":{"line":38,"column":16}},"25":{"start":{"line":39,"column":15},"end":{"line":39,"column":16}},"26":{"start":{"line":40,"column":15},"end":{"line":40,"column":16}},"27":{"start":{"line":41,"column":4},"end":{"line":45,"column":null}},"28":{"start":{"line":41,"column":17},"end":{"line":41,"column":18}},"29":{"start":{"line":42,"column":8},"end":{"line":42,"column":null}},"30":{"start":{"line":43,"column":8},"end":{"line":43,"column":null}},"31":{"start":{"line":44,"column":8},"end":{"line":44,"column":null}},"32":{"start":{"line":46,"column":28},"end":{"line":50,"column":null}},"33":{"start":{"line":52,"column":21},"end":{"line":52,"column":22}},"34":{"start":{"line":53,"column":23},"end":{"line":53,"column":25}},"35":{"start":{"line":54,"column":4},"end":{"line":60,"column":null}},"36":{"start":{"line":54,"column":17},"end":{"line":54,"column":18}},"37":{"start":{"line":55,"column":25},"end":{"line":55,"column":60}},"38":{"start":{"line":56,"column":8},"end":{"line":59,"column":null}},"39":{"start":{"line":57,"column":12},"end":{"line":57,"column":null}},"40":{"start":{"line":58,"column":12},"end":{"line":58,"column":null}},"41":{"start":{"line":62,"column":24},"end":{"line":62,"column":45}},"42":{"start":{"line":63,"column":4},"end":{"line":63,"column":null}},"43":{"start":{"line":65,"column":25},"end":{"line":65,"column":81}},"44":{"start":{"line":66,"column":4},"end":{"line":68,"column":null}},"45":{"start":{"line":66,"column":17},"end":{"line":66,"column":18}},"46":{"start":{"line":67,"column":8},"end":{"line":67,"column":null}},"47":{"start":{"line":70,"column":4},"end":{"line":90,"column":null}},"48":{"start":{"line":71,"column":24},"end":{"line":71,"column":25}},"49":{"start":{"line":72,"column":27},"end":{"line":72,"column":29}},"50":{"start":{"line":73,"column":8},"end":{"line":79,"column":null}},"51":{"start":{"line":73,"column":21},"end":{"line":73,"column":22}},"52":{"start":{"line":74,"column":29},"end":{"line":74,"column":46}},"53":{"start":{"line":75,"column":12},"end":{"line":78,"column":null}},"54":{"start":{"line":76,"column":16},"end":{"line":76,"column":null}},"55":{"start":{"line":77,"column":16},"end":{"line":77,"column":null}},"56":{"start":{"line":81,"column":27},"end":{"line":81,"column":47}},"57":{"start":{"line":82,"column":8},"end":{"line":82,"column":null}},"58":{"start":{"line":84,"column":8},"end":{"line":89,"column":null}},"59":{"start":{"line":84,"column":21},"end":{"line":84,"column":22}},"60":{"start":{"line":85,"column":29},"end":{"line":85,"column":93}},"61":{"start":{"line":86,"column":12},"end":{"line":88,"column":null}},"62":{"start":{"line":87,"column":16},"end":{"line":87,"column":null}},"63":{"start":{"line":92,"column":4},"end":{"line":92,"column":null}},"64":{"start":{"line":95,"column":33},"end":{"line":109,"column":1}},"65":{"start":{"line":96,"column":20},"end":{"line":96,"column":21}},"66":{"start":{"line":97,"column":23},"end":{"line":97,"column":47}},"67":{"start":{"line":99,"column":4},"end":{"line":106,"column":null}},"68":{"start":{"line":99,"column":17},"end":{"line":99,"column":18}},"69":{"start":{"line":100,"column":25},"end":{"line":100,"column":39}},"70":{"start":{"line":101,"column":25},"end":{"line":101,"column":58}},"71":{"start":{"line":102,"column":8},"end":{"line":105,"column":null}},"72":{"start":{"line":103,"column":12},"end":{"line":103,"column":null}},"73":{"start":{"line":104,"column":12},"end":{"line":104,"column":null}},"74":{"start":{"line":108,"column":4},"end":{"line":108,"column":null}},"75":{"start":{"line":111,"column":38},"end":{"line":127,"column":1}},"76":{"start":{"line":112,"column":18},"end":{"line":112,"column":53}},"77":{"start":{"line":113,"column":24},"end":{"line":113,"column":53}},"78":{"start":{"line":115,"column":4},"end":{"line":124,"column":null}},"79":{"start":{"line":115,"column":17},"end":{"line":115,"column":18}},"80":{"start":{"line":116,"column":20},"end":{"line":116,"column":25}},"81":{"start":{"line":117,"column":22},"end":{"line":117,"column":39}},"82":{"start":{"line":118,"column":8},"end":{"line":120,"column":null}},"83":{"start":{"line":119,"column":12},"end":{"line":119,"column":20}},"84":{"start":{"line":121,"column":34},"end":{"line":121,"column":89}},"85":{"start":{"line":122,"column":24},"end":{"line":122,"column":67}},"86":{"start":{"line":123,"column":8},"end":{"line":123,"column":null}},"87":{"start":{"line":126,"column":4},"end":{"line":126,"column":null}},"88":{"start":{"line":129,"column":47},"end":{"line":199,"column":1}},"89":{"start":{"line":133,"column":27},"end":{"line":133,"column":49}},"90":{"start":{"line":134,"column":4},"end":{"line":136,"column":null}},"91":{"start":{"line":135,"column":8},"end":{"line":135,"column":null}},"92":{"start":{"line":138,"column":20},"end":{"line":138,"column":43}},"93":{"start":{"line":139,"column":4},"end":{"line":141,"column":null}},"94":{"start":{"line":140,"column":8},"end":{"line":140,"column":null}},"95":{"start":{"line":143,"column":14},"end":{"line":143,"column":54}},"96":{"start":{"line":144,"column":20},"end":{"line":144,"column":51}},"97":{"start":{"line":146,"column":4},"end":{"line":171,"column":null}},"98":{"start":{"line":146,"column":25},"end":{"line":146,"column":26}},"99":{"start":{"line":147,"column":21},"end":{"line":147,"column":41}},"100":{"start":{"line":148,"column":21},"end":{"line":148,"column":41}},"101":{"start":{"line":149,"column":21},"end":{"line":149,"column":41}},"102":{"start":{"line":150,"column":23},"end":{"line":150,"column":43}},"103":{"start":{"line":152,"column":8},"end":{"line":159,"column":null}},"104":{"start":{"line":152,"column":21},"end":{"line":152,"column":22}},"105":{"start":{"line":153,"column":27},"end":{"line":153,"column":39}},"106":{"start":{"line":154,"column":28},"end":{"line":154,"column":71}},"107":{"start":{"line":155,"column":12},"end":{"line":155,"column":null}},"108":{"start":{"line":156,"column":12},"end":{"line":156,"column":null}},"109":{"start":{"line":157,"column":12},"end":{"line":157,"column":null}},"110":{"start":{"line":158,"column":12},"end":{"line":158,"column":null}},"111":{"start":{"line":161,"column":8},"end":{"line":170,"column":null}},"112":{"start":{"line":161,"column":21},"end":{"line":161,"column":22}},"113":{"start":{"line":162,"column":12},"end":{"line":164,"column":null}},"114":{"start":{"line":163,"column":16},"end":{"line":163,"column":24}},"115":{"start":{"line":165,"column":12},"end":{"line":169,"column":null}},"116":{"start":{"line":173,"column":25},"end":{"line":173,"column":73}},"117":{"start":{"line":174,"column":21},"end":{"line":177,"column":7}},"118":{"start":{"line":174,"column":57},"end":{"line":177,"column":6}},"119":{"start":{"line":179,"column":4},"end":{"line":190,"column":null}},"120":{"start":{"line":180,"column":8},"end":{"line":182,"column":null}},"121":{"start":{"line":181,"column":12},"end":{"line":181,"column":null}},"122":{"start":{"line":183,"column":8},"end":{"line":185,"column":null}},"123":{"start":{"line":184,"column":12},"end":{"line":184,"column":null}},"124":{"start":{"line":186,"column":8},"end":{"line":188,"column":nu
[...]
,"/Users/atta/paint-mixer/src/utils/rgbStringToHsva.ts": {"path":"/Users/atta/paint-mixer/src/utils/rgbStringToHsva.ts","statementMap":{"0":{"start":{"line":1,"column":0},"end":{"line":1,"column":34}},"1":{"start":{"line":4,"column":31},"end":{"line":13,"column":1}},"2":{"start":{"line":5,"column":16},"end":{"line":5,"column":44}},"3":{"start":{"line":7,"column":4},"end":{"line":12,"column":null}},"4":{"start":{"line":4,"column":13},"end":{"line":4,"column":31}}},"fnMap":{"0":{"name":"(anonymous_1)","decl":{"start":{"line":4,"column":31},"end":{"line":4,"column":32}},"loc":{"start":{"line":4,"column":59},"end":{"line":13,"column":1}}}},"branchMap":{},"s":{"0":1,"1":1,"2":1,"3":1,"4":1},"f":{"0":1},"b":{}}
,"/Users/atta/paint-mixer/src/utils/suggestRecipe.ts": {"path":"/Users/atta/paint-mixer/src/utils/suggestRecipe.ts","statementMap":{"0":{"start":{"line":1,"column":0},"end":{"line":1,"column":27}},"1":{"start":{"line":2,"column":0},"end":{"line":2,"column":34}},"2":{"start":{"line":4,"column":0},"end":{"line":4,"column":84}},"3":{"start":{"line":13,"column":27},"end":{"line":13,"column":28}},"4":{"start":{"line":14,"column":32},"end":{"line":14,"column":34}},"5":{"start":{"line":15,"column":32},"end":{"line":15,"column":34}},"6":{"start":{"line":16,"column":29},"end":{"line":16,"column":31}},"7":{"start":{"line":18,"column":14},"end":{"line":20,"column":1}},"8":{"start":{"line":19,"column":4},"end":{"line":19,"column":null}},"9":{"start":{"line":22,"column":23},"end":{"line":25,"column":1}},"10":{"start":{"line":23,"column":16},"end":{"line":23,"column":44}},"11":{"start":{"line":24,"column":4},"end":{"line":24,"column":null}},"12":{"start":{"line":27,"column":19},"end":{"line":53,"column":1}},"13":{"start":{"line":31,"column":21},"end":{"line":31,"column":22}},"14":{"start":{"line":32,"column":4},"end":{"line":34,"column":null}},"15":{"start":{"line":33,"column":8},"end":{"line":33,"column":null}},"16":{"start":{"line":36,"column":4},"end":{"line":38,"column":null}},"17":{"start":{"line":37,"column":8},"end":{"line":37,"column":null}},"18":{"start":{"line":40,"column":22},"end":{"line":40,"column":42}},"19":{"start":{"line":41,"column":4},"end":{"line":50,"column":null}},"20":{"start":{"line":42,"column":23},"end":{"line":42,"column":50}},"21":{"start":{"line":43,"column":8},"end":{"line":45,"column":null}},"22":{"start":{"line":44,"column":12},"end":{"line":44,"column":null}},"23":{"start":{"line":46,"column":23},"end":{"line":46,"column":52}},"24":{"start":{"line":47,"column":8},"end":{"line":49,"column":null}},"25":{"start":{"line":47,"column":21},"end":{"line":47,"column":22}},"26":{"start":{"line":48,"column":12},"end":{"line":48,"column":null}},"27":{"start":{"line":52,"column":4},"end":{"line":52,"column":null}},"28":{"start":{"line":55,"column":26},"end":{"line":78,"column":1}},"29":{"start":{"line":56,"column":4},"end":{"line":58,"column":null}},"30":{"start":{"line":57,"column":8},"end":{"line":57,"column":null}},"31":{"start":{"line":60,"column":21},"end":{"line":60,"column":51}},"32":{"start":{"line":61,"column":4},"end":{"line":63,"column":null}},"33":{"start":{"line":62,"column":8},"end":{"line":62,"column":null}},"34":{"start":{"line":65,"column":4},"end":{"line":75,"column":null}},"35":{"start":{"line":66,"column":8},"end":{"line":68,"column":null}},"36":{"start":{"line":67,"column":12},"end":{"line":67,"column":null}},"37":{"start":{"line":69,"column":8},"end":{"line":74,"column":null}},"38":{"start":{"line":73,"column":12},"end":{"line":73,"column":null}},"39":{"start":{"line":77,"column":4},"end":{"line":77,"column":null}},"40":{"start":{"line":80,"column":26},"end":{"line":102,"column":1}},"41":{"start":{"line":85,"column":22},"end":{"line":85,"column":54}},"42":{"start":{"line":86,"column":4},"end":{"line":88,"column":null}},"43":{"start":{"line":87,"column":8},"end":{"line":87,"column":null}},"44":{"start":{"line":89,"column":22},"end":{"line":89,"column":71}},"45":{"start":{"line":90,"column":22},"end":{"line":90,"column":47}},"46":{"start":{"line":91,"column":19},"end":{"line":91,"column":49}},"47":{"start":{"line":92,"column":21},"end":{"line":92,"column":48}},"48":{"start":{"line":93,"column":23},"end":{"line":93,"column":89}},"49":{"start":{"line":93,"column":63},"end":{"line":93,"column":85}},"50":{"start":{"line":95,"column":4},"end":{"line":101,"column":null}},"51":{"start":{"line":104,"column":29},"end":{"line":211,"column":1}},"52":{"start":{"line":109,"column":4},"end":{"line":111,"column":null}},"53":{"start":{"line":110,"column":8},"end":{"line":110,"column":null}},"54":{"start":{"line":113,"column":22},"end":{"line":113,"column":87}},"55":{"start":{"line":114,"column":26},"end":{"line":114,"column":100}},"56":{"start":{"line":116,"column":22},"end":{"line":116,"column":47}},"57":{"start":{"line":118,"column":26},"end":{"line":121,"column":7}},"58":{"start":{"line":118,"column":57},"end":{"line":121,"column":6}},"59":{"start":{"line":124,"column":8},"end":{"line":129,"column":46}},"60":{"start":{"line":126,"column":34},"end":{"line":126,"column":78}},"61":{"start":{"line":128,"column":34},"end":{"line":128,"column":45}},"62":{"start":{"line":129,"column":40},"end":{"line":129,"column":45}},"63":{"start":{"line":131,"column":20},"end":{"line":131,"column":87}},"64":{"start":{"line":131,"column":43},"end":{"line":131,"column":87}},"65":{"start":{"line":132,"column":26},"end":{"line":132,"column":78}},"66":{"start":{"line":132,"column":61},"end":{"line":132,"column":77}},"67":{"start":{"line":134,"column":4},"end":{"line":136,"column":null}},"68":{"start":{"line":135,"column":8},"end":{"line":135,"column":null}},"69":{"start":{"line":138,"column":39},"end":{"line":138,"column":43}},"70":{"start":{"line":140,"column":4},"end":{"line":147,"column":null}},"71":{"start":{"line":141,"column":8},"end":{"line":146,"column":null}},"72":{"start":{"line":142,"column":30},"end":{"line":142,"column":92}},"73":{"start":{"line":143,"column":12},"end":{"line":145,"column":null}},"74":{"start":{"line":144,"column":16},"end":{"line":144,"column":null}},"75":{"start":{"line":149,"column":4},"end":{"line":172,"column":null}},"76":{"start":{"line":150,"column":8},"end":{"line":171,"column":null}},"77":{"start":{"line":150,"column":21},"end":{"line":150,"column":22}},"78":{"start":{"line":151,"column":12},"end":{"line":170,"column":null}},"79":{"start":{"line":151,"column":25},"end":{"line":151,"column":30}},"80":{"start":{"line":152,"column":31},"end":{"line":152,"column":49}},"81":{"start":{"line":153,"column":31},"end":{"line":153,"column":49}},"82":{"start":{"line":154,"column":20},"end":{"line":169,"column":null}},"83":{"start":{"line":154,"column":42},"end":{"line":154,"column":43}},"84":{"start":{"line":155,"column":24},"end":{"line":168,"column":null}},"85":{"start":{"line":155,"column":42},"end":{"line":155,"column":43}},"86":{"start":{"line":156,"column":43},"end":{"line":156,"column":62}},"87":{"start":{"line":157,"column":46},"end":{"line":163,"column":null}},"88":{"start":{"line":165,"column":28},"end":{"line":167,"column":null}},"89":{"start":{"line":166,"column":32},"end":{"line":166,"column":null}},"90":{"start":{"line":174,"column":4},"end":{"line":203,"column":null}},"91":{"start":{"line":175,"column":8},"end":{"line":202,"column":null}},"92":{"start":{"line":175,"column":21},"end":{"line":175,"column":22}},"93":{"start":{"line":176,"column":12},"end":{"line":201,"column":null}},"94":{"start":{"line":176,"column":25},"end":{"line":176,"column":30}},"95":{"start":{"line":177,"column":16},"end":{"line":200,"column":null}},"96":{"start":{"line":177,"column":29},"end":{"line":177,"column":34}},"97":{"start":{"line":178,"column":35},"end":{"line":178,"column":53}},"98":{"start":{"line":179,"column":35},"end":{"line":179,"column":53}},"99":{"start":{"line":180,"column":35},"end":{"line":180,"column":53}},"100":{"start":{"line":181,"column":20},"end":{"line":199,"column":null}},"101":{"start":{"line":181,"column":42},"end":{"line":181,"column":43}},"102":{"start":{"line":182,"column":24},"end":{"line":198,"column":null}},"103":{"start":{"line":182,"column":42},"end":{"line":182,"column":43}},"104":{"start":{"line":183,"column":28},"end":{"line":197,"column":null}},"105":{"start":{"line":183,"column":46},"end":{"line":183,"column":47}},"106":{"start":{"line":184,"column":47},"end":{"line":184,"column":75}},"107":{"start":{"line":185,"column":50},"end":{"line":192,"column":null}},"108":{"start":{"line":194,"column":32},"end":{"line":196,"column":null}},"109":{"start":{"line":195,"column":36},"end":{"line":195,"column":null}},"110":{"start":{"line":205,"column":4},"end":{"line":207,"column":null}},"111":{"start":{"line":206,"column":8},"end":{"line":206,"column":null}},"112":{"start":{"line":209,"column":38},"end":{"line":209,"column":42}},"113":{"start":{"line":209,"column":33},"end":{"line":209,"column":38}},"114":{"start":{"line":210,"column":4},"end":{"line":210,"column":null}},"115":{"start":{"line":104,"column":13},"end":{"line":104,"column":29}},"116":{"start":{"line":213,"column":13},"end":{"line":217,"column":null}}},"fnMap":{"0":{"name":"(anonymous_2)","decl":{"start":{"line":18,"column":14},"end":{"line":18,"column":15}},"loc":{"start":{"line":18,"column":58},"end":{"line":20,"column":1}}},"1":{"name":"(anonymous_3)","decl":{"start":{"line":22,"column":23},"end":{"line":22,"column":24}},"loc":{"start":{"line":22,"column":45},"end":{"line":25,"column":1}}},"2":{"name":"(anonymous_4)","decl":{"start":{"line":27,"column":19},"end":{"line":27,"column":null}},"loc":{"start":{"line":30,"column":21},"end":{"line":53,"column":1}}},"3":{"name":"(anonymous_5)","decl":{"start":{"line":55,"column":26},"end":{"line":55,"column":27}},"loc":{"start":{"line":55,"column":104},"end":{"line":78,"column":1}}},"4":{"name":"(anonymous_6)","decl":{"start":{"line":80,"column":26},"end":{"line":80,"column":null}},"loc":{"start":{"line":84,"column":28},"end":{"line":102,"column":1}}},"5":{"name":"(anonymous_7)","decl":{"start":{"line":93,"column":42},"end":{"line":93,"column":43}},"loc":{"start":{"line":93,"column":63},"end":{"line":93,"column":85}}},"6":{"name":"(anonymous_8)","decl":{"start":{"line":104,"column":29},"end":{"line":104,"column":null}},"loc":{"start":{"line":108,"column":29},"end":{"line":211,"column":1}}},"7":{"name":"(anonymous_9)","decl":{"start":{"line":118,"column":38},"end":{"line":118,"column":39}},"loc":{"start":{"line":118,"column":57},"end":{"line":121,"column":6}}},"8":{"name":"(anonymous_10)","decl":{"start":{"line":126,"column":24},"end":{"line":126,"column":25}},"loc":{"start":{"line":126,"column":34},"end":{"line":126,"column":78}}},"9":{"name":"(anonymous_11)","decl":{"start":{"line":128,"column":23},"end":{"line":128,"column":24}},"loc":{"start":{"line":128,"column":34},"end":{"line":128,"column":45}}},"10":{"name":"(anonymous_12)","decl":{"start":{"line":129,"column":26},"end":{"line":129,"column":27}},"loc":{"start":{"line":129,"column":40},"end":{"line":129,"column":45}}},"11":{"name":"(anonymous_13)","decl":{"start":{"line":131,"column":32},"end":{"line":131,"column":33}},"loc":{"start":{"line":131,"column":42},"end":{"line":131,"column":87}}},"12":{"name":"(anonymous_14)","decl":{"start":{"line":132,"column":50},"end":{"line":132,"column":51}},"loc":{"start":{"line":132,"column":61},"end":{"line":132,"column":77}}}},"branchMap":{"0":{"loc":{"start":{"line":36,"column":4},"end":{"line":38,"column":null}},"type":"if","locations":[{"start":{"line":36,"column":4},"end":{"line":38,"column":null}}]},"1":{"loc":{"start":{"line":43,"column":8},"end":{"line":45,"column":null}},"type":"if","locations":[{"start":{"line":43,"column":8},"end":{"line":45,"column":null}}]},"2":{"loc":{"start":{"line":56,"column":4},"end":{"line":58,"column":null}},"type":"if","locations":[{"start":{"line":56,"column":4},"end":{"line":58,"column":null}}]},"3":{"loc":{"start":{"line":61,"column":4},"end":{"line":63,"column":null}},"type":"if","locations":[{"start":{"line":61,"column":4},"end":{"line":63,"column":null}}]},"4":{"loc":{"start":{"line":65,"column":4},"end":{"line":75,"column":null}},"type":"if","locations":[{"start":{"line":65,"column":4},"end":{"line":75,"column":null}}]},"5":{"loc":{"start":{"line":66,"column":8},"end":{"line":68,"column":null}},"type":"if","locations":[{"start":{"line":66,"column":8},"end":{"line":68,"column":null}}]},"6":{"loc":{"start":{"line":69,"column":8},"end":{"line":74,"column":null}},"type":"if","locations":[{"start":{"line":69,"column":8},"end":{"line":74,"column":null}}]},"7":{"loc":{"start":{"line":70,"column":12},"end":{"line":71,"column":50}},"type":"binary-expr","locations":[{"start":{"line":70,"column":12},"end":{"line":70,"column":68}},{"start":{"line":71,"column":12},"end":{"line":71,"column":50}}]},"8":{"loc":{"start":{"line":86,"column":4},"end":{"line":88,"column":null}},"type":"if","locations":[{"start":{"line":86,"column":4},"end":{"line":88,"column":null}}]},"9":{"loc":{"start":{"line":109,"column":4},"end":{"line":111,"column":null}},"type":"if","locations":[{"start":{"line":109,"column":4},"end":{"line":111,"column":null}}]},"10":{"loc":{"start":{"line":113,"column":45},"end":{"line":113,"column":85}},"type":"cond-expr","locations":[{"start":{"line":113,"column":63},"end":{"line":113,"column":67}},{"start":{"line":113,"column":67},"end":{"line":113,"column":85}}]},"11":{"loc":{"start":{"line":113,"column":45},"end":{"line":113,"column":67}},"type":"binary-expr","locations":[{"start":{"line":113,"column":45},"end":{"line":113,"column":67}},{"start":{"line":113,"column":63},"end":{"line":113,"column":67}}]},"12":{"loc":{"start":{"line":113,"column":45},"end":{"line":113,"column":63}},"type":"cond-expr","locations":[{"start":{"line":113,"column":52},"end":{"line":113,"column":54}},{"start":{"line":113,"column":45},"end":{"line":113,"column":63}}]},"13":{"loc":{"start":{"line":113,"column":45},"end":{"line":113,"column":54}},"type":"binary-expr","locations":[{"start":{"line":113,"column":45},"end":{"line":113,"column":54}},{"start":{"line":113,"column":45},"end":{"line":113,"column":54}}]},"14":{"loc":{"start":{"line":114,"column":49},"end":{"line":114,"column":98}},"type":"cond-expr","locations":[{"start":{"line":114,"column":71},"end":{"line":114,"column":75}},{"start":{"line":114,"column":75},"end":{"line":114,"column":98}}]},"15":{"loc":{"start":{"line":114,"column":49},"end":{"line":114,"column":75}},"type":"binary-expr","locations":[{"start":{"line":114,"column":49},"end":{"line":114,"column":75}},{"start":{"line":114,"column":71},"end":{"line":114,"column":75}}]},"16":{"loc":{"start":{"line":114,"column":49},"end":{"line":114,"column":71}},"type":"cond-expr","locations":[{"start":{"line":114,"column":56},"end":{"line":114,"column":58}},{"start":{"line":114,"column":49},"end":{"line":114,"column":71}}]},"17":{"loc":{"start":{"line":114,"column":49},"end":{"line":114,"column":58}},"type":"binary-expr","locations":[{"start":{"line":114,"column":49},"end":{"line":114,"column":58}},{"start":{"line":114,"column":49},"end":{"line":114,"column":58}}]},"18":{"loc":{"start":{"line":124,"column":8},"end":{"line":129,"column":46}},"type":"cond-expr","locations":[{"start":{"line":125,"column":14},"end":{"line":128,"column":46}},{"start":{"line":129,"column":14},"end":{"line":129,"column":46}}]},"19":{"loc":{"start":{"line":126,"column":34},"end":{"line":126,"column":78}},"type":"binary-expr","locations":[{"start":{"line":126,"column":35},"end":{"line":126,"column":54}},{"start":{"line":126,"column":60},"end":{"line":126,"column":77}}]},"20":{"loc":{"start":{"line":131,"column":43},"end":{"line":131,"column":86}},"type":"cond-expr","locations":[{"start":{"line":131,"column":78},"end":{"line":131,"column":82}},{"start":{"line":131,"column":82},"end":{"line":131,"column":86}}]},"21":{"loc":{"start":{"line":131,"column":43},"end":{"line":131,"column":82}},"type":"binary-expr","locations":[{"start":{"line":131,"column":43},"end":{"line":131,"column":82}},{"start":{"line":131,"column":78},"end":{"line":131,"column":82}}]},"22":{"loc":{"start":{"line":134,"column":4},"end":{"line":136,"column":null}},"type":"if","locations":[{"start":{"line":134,"column":4},"end":{"line":136,"column":null}}]},"23":{"loc":{"start":{"line":140,"column":4},"end":{"line":147,"column":null}},"type":"if","locations":[{"start":{"line":140,"column":4},"end":{"line":147,"column":null}}]},"24":{"loc":{"start":{"line":143,"column":12},"end":{"line":145,"column":null}},"type":"if","locations":[{"start":{"line":143,"column":12},"end":{"line":145,"column":null}}]},"25":{"loc":{"start":{"line":149,"column":4},"end":{"line":172,"column":null}},"type":"if","locations":[{"start":{"line":149,"column":4},"end":{"line":172,"column":null}}]},"26":{"loc":{"start":{"line":165,"column":28},"end":{"line":167,"column":null}},"type":"if","locations":[{"start":{"line":165,"column":28},"end":{"line":167,"column":null}}]},"27":{"loc":{"start":{"line":174,"column":4},"end":{"line":203,"column":null}},"type":"if","locations":[{"start":{"line":174,"column":4},"end":{"line":203,"column":null}}]},"28":{"loc":{"start":{"line":194,"column":32},"end":{"line":196,"column":null}},"type":"if","locations":[{"start":{"line":194,"column":32},"end":{"line":196,"column":null}}]},"29":{"loc":{"start":{"line":205,"column":4},"end":{"line":207,"column":null}},"type":"if","locations":[{"start":{"line":205,"column":4},"end":{"line":207,"column":null}}]}},"s":{"0":2,"1":2,"2":2,"3":2,"4":2,"5":2,"6":2,"7":2,"8":89,"9":2,"10":131,"11":131,"12":2,"13":92,"14":92,"15":162,"16":92,"17":1,"18":91,"19":91,"20":162,"21":162,"22":2,"23":160,"24":160,"25":160,"26":1120,"27":89,"28":2,"29":91,"30":4,"31":87,"32":87,"33":4,"34":83,"35":14,"36":1,"37":13,"38":1,"39":81,"40":2,"41":90,"42":90,"43":1,"44":89,"45":89,"46":89,"47":89,"48":89,"49":160,"50":89,"51":2,"52":7,"53":1,"54":6,"55":6,"56":6,"57":6,"58":36,"59":6,"60":25,"61":12,"62":10,"63":6,"64":36,"65":6,"66":22,"67":6,"68":1,"69":5,"70":5,"71":4,"72":19,"73":19,"74":19,"75":5,"76":3,"77":3,"78":7,"79":7,"80":5,"81":5,"82":5,"83":5,"84":20,"85":20,"86":69,"87":69,"88":69,"89":69,"90":5,"91":2,"92":2,"93":5,"94":5,"95":4,"96":4,"97":1,"98":1,"99":1,"100":1,"101":1,"102":1,"103":1,"104":1,"105":1,"106":1,"107":1,"108":1,"109":1,"110":5,"111":1,"112":4,"113":4,"114":4,"115":2,"116":2},"f":{"0":89,"1":131,"2":92,"3":91,"4":90,"5":160,"6":7,"7":36,"8":25,"9":12,"10":10,"11":36,"12":22},"b":{"0":[1],"1":[2],"2":[4],"3":[4],"4":[14],"5":[1],"6":[1],"7":[13,13],"8":[1],"9":[1],"10":[4,2],"11":[6,6],"12":[2,4],"13":[6,6],"14":[2,4],"15":[6,6],"16":[2,4],"17":[6,6],"18":[1,5],"19":[25,25],"20":[35,1],"21":[36,35],"22":[1],"23":[4],"24":[19],"25":[3],"26":[69],"27":[2],"28":[1],"29":[1]}}
,"/Users/atta/paint-mixer/src/utils/palettes/defaultPalette.tsx": {"path":"/Users/atta/paint-mixer/src/utils/palettes/defaultPalette.tsx","statementMap":{"0":{"start":{"line":1,"column":13},"end":{"line":17,"column":null}}},"fnMap":{},"branchMap":{},"s":{"0":1},"f":{},"b":{}}
}
