TN:
SF:src/components/AddColorUIComponent/AddColorUIComponent.tsx
FN:14,(anonymous_1)
FN:24,(anonymous_2)
FN:38,(anonymous_3)
FN:39,(anonymous_4)
FNF:4
FNH:4
FNDA:7,(anonymous_1)
FNDA:1,(anonymous_2)
FNDA:1,(anonymous_3)
FNDA:1,(anonymous_4)
DA:1,1
DA:2,1
DA:3,1
DA:4,1
DA:14,1
DA:15,7
DA:24,1
DA:38,1
DA:39,1
DA:48,1
LF:10
LH:10
BRDA:17,0,0,7
BRDA:17,0,1,3
BRDA:30,1,0,7
BRDA:30,1,1,4
BRF:4
BRH:4
end_of_record
TN:
SF:src/components/ColorBoxUI/ColorBoxUI.tsx
FN:26,(anonymous_1)
FN:46,(anonymous_2)
FNF:2
FNH:2
FNDA:12,(anonymous_1)
FNDA:1,(anonymous_2)
DA:1,1
DA:2,1
DA:6,1
DA:7,1
DA:10,1
DA:11,1
DA:12,1
DA:26,1
DA:27,12
DA:46,1
DA:81,1
LF:11
LH:11
BRDA:35,0,0,2
BRDA:35,0,1,10
BRDA:36,1,0,9
BRDA:36,1,1,3
BRDA:49,2,0,2
BRDA:49,2,1,10
BRDA:50,3,0,11
BRDA:50,3,1,1
BRDA:54,4,0,2
BRDA:54,4,1,10
BRDA:55,5,0,11
BRDA:55,5,1,1
BRDA:59,6,0,11
BRDA:59,6,1,1
BRDA:67,7,0,9
BRDA:67,7,1,3
BRDA:68,8,0,7
BRDA:68,8,1,2
BRDA:69,9,0,2
BRDA:69,9,1,1
BRDA:72,10,0,9
BRDA:72,10,1,3
BRF:22
BRH:22
end_of_record
TN:
SF:src/components/ColorPicker/ColorPicker.tsx
FN:18,(anonymous_1)
FN:34,(anonymous_2)
FN:39,(anonymous_3)
FN:54,(anonymous_4)
FNF:4
FNH:4
FNDA:6,(anonymous_1)
FNDA:1,(anonymous_2)
FNDA:1,(anonymous_3)
FNDA:1,(anonymous_4)
DA:1,1
DA:2,1
DA:3,1
DA:4,1
DA:5,1
DA:6,1
DA:7,1
DA:8,1
DA:9,1
DA:18,1
DA:19,6
DA:34,1
DA:39,1
DA:54,1
DA:71,1
LF:15
LH:15
BRDA:25,0,0,5
BRDA:25,0,1,1
BRDA:60,1,0,5
BRDA:60,1,1,1
BRDA:61,2,0,5
BRDA:61,2,1,1
BRF:6
BRH:6
end_of_record
TN:
SF:src/components/ColorSwatches/ColorSwatches.tsx
FN:17,(anonymous_7)
FN:28,(anonymous_8)
FN:45,(anonymous_9)
FN:54,(anonymous_10)
FN:63,(anonymous_11)
FN:64,(anonymous_12)
FN:76,(anonymous_13)
FN:89,(anonymous_14)
FN:105,(anonymous_15)
FN:108,(anonymous_16)
FN:128,(anonymous_17)
FNF:11
FNH:11
FNDA:22,(anonymous_7)
FNDA:38,(anonymous_8)
FNDA:5,(anonymous_9)
FNDA:1,(anonymous_10)
FNDA:2,(anonymous_11)
FNDA:2,(anonymous_12)
FNDA:2,(anonymous_13)
FNDA:1,(anonymous_14)
FNDA:1,(anonymous_15)
FNDA:7,(anonymous_16)
FNDA:1,(anonymous_17)
DA:1,1
DA:2,1
DA:3,1
DA:4,1
DA:5,1
DA:6,1
DA:17,1
DA:19,22
DA:20,22
DA:21,22
DA:23,22
DA:29,38
DA:45,5
DA:54,1
DA:63,2
DA:65,2
DA:66,2
DA:77,2
DA:78,2
DA:89,1
DA:105,1
DA:109,7
DA:128,1
DA:142,1
LF:24
LH:24
BRDA:41,0,0,38
BRDA:41,0,1,18
BRDA:44,1,0,2
BRDA:44,1,1,16
BRDA:45,2,0,1
BRDA:45,2,1,4
BRDA:55,3,0,6
BRDA:55,3,1,32
BRDA:60,4,0,4
BRDA:60,4,1,34
BRDA:69,5,0,2
BRDA:69,5,1,2
BRDA:70,6,0,2
BRDA:70,6,1,2
BRDA:80,7,0,4
BRDA:80,7,1,30
BRDA:91,8,0,6
BRDA:91,8,1,32
BRDA:95,9,0,36
BRDA:95,9,1,2
BRDA:99,10,0,38
BRDA:99,10,1,4
BRDA:99,10,2,4
BRDA:102,11,0,1
BRDA:102,11,1,3
BRDA:114,12,0,4
BRDA:114,12,1,3
BRF:27
BRH:27
end_of_record
TN:
SF:src/components/ExtractedColorsPanel/ExtractedColorsPanel.tsx
FN:18,(anonymous_1)
FN:19,(anonymous_2)
FN:27,(anonymous_3)
FN:36,(anonymous_4)
FN:58,(anonymous_5)
FN:83,(anonymous_6)
FN:91,(anonymous_7)
FN:102,(anonymous_8)
FN:145,(anonymous_9)
FNF:9
FNH:9
FNDA:3,(anonymous_1)
FNDA:4,(anonymous_2)
FNDA:5,(anonymous_3)
FNDA:7,(anonymous_4)
FNDA:5,(anonymous_5)
FNDA:5,(anonymous_6)
FNDA:1,(anonymous_7)
FNDA:5,(anonymous_8)
FNDA:1,(anonymous_9)
DA:1,1
DA:2,1
DA:3,1
DA:16,1
DA:18,1
DA:19,3
DA:20,4
DA:21,4
DA:22,4
DA:23,4
DA:27,1
DA:36,7
DA:38,5
DA:59,5
DA:84,5
DA:85,5
DA:91,1
DA:103,5
DA:104,5
DA:145,1
DA:169,1
LF:21
LH:21
BRDA:21,0,0,3
BRDA:21,0,1,1
BRDA:21,1,0,4
BRDA:21,1,1,4
BRDA:21,2,0,1
BRDA:21,2,1,3
BRDA:21,3,0,4
BRDA:21,3,1,4
BRDA:22,4,0,3
BRDA:22,4,1,1
BRDA:47,5,0,2
BRDA:47,5,1,3
BRDA:56,6,0,3
BRDA:56,6,1,2
BRDA:65,7,0,3
BRDA:65,7,1,2
BRDA:80,8,0,4
BRDA:80,8,1,1
BRDA:89,9,0,4
BRDA:89,9,1,1
BRDA:122,10,0,3
BRDA:122,10,1,2
BRDA:132,11,0,3
BRDA:132,11,1,1
BRDA:141,12,0,3
BRDA:141,12,1,1
BRF:26
BRH:26
end_of_record
TN:
SF:src/components/ImageUploader/ImageUploader.tsx
FN:10,(anonymous_7)
FN:14,(anonymous_8)
FN:15,(anonymous_9)
FN:22,(anonymous_10)
FN:37,(anonymous_11)
FN:42,(anonymous_12)
FN:47,(anonymous_13)
FN:51,(anonymous_14)
FNF:8
FNH:8
FNDA:13,(anonymous_7)
FNDA:11,(anonymous_8)
FNDA:11,(anonymous_9)
FNDA:6,(anonymous_10)
FNDA:5,(anonymous_11)
FNDA:1,(anonymous_12)
FNDA:1,(anonymous_13)
FNDA:1,(anonymous_14)
DA:1,1
DA:2,1
DA:8,1
DA:10,1
DA:11,13
DA:12,13
DA:14,13
DA:15,11
DA:16,11
DA:17,3
DA:22,13
DA:23,6
DA:24,6
DA:25,2
DA:28,4
DA:29,1
DA:32,3
DA:33,3
DA:34,3
DA:37,13
DA:38,5
DA:39,5
DA:42,13
DA:43,1
DA:44,1
DA:47,13
DA:48,1
DA:51,13
DA:52,1
DA:53,1
DA:54,1
DA:57,13
DA:88,1
LF:33
LH:33
BRDA:16,0,0,3
BRDA:23,1,0,1
BRDA:23,1,1,5
BRDA:23,2,0,6
BRDA:23,2,1,5
BRDA:24,3,0,2
BRDA:28,4,0,1
BRDA:59,5,0,1
BRDA:59,5,1,12
BRDA:76,6,0,13
BRDA:76,6,1,3
BRF:11
BRH:11
end_of_record
TN:
SF:src/components/MixGraph/MixGraph.tsx
FN:10,(anonymous_1)
FN:13,(anonymous_2)
FN:13,(anonymous_3)
FNF:3
FNH:3
FNDA:3,(anonymous_1)
FNDA:9,(anonymous_2)
FNDA:6,(anonymous_3)
DA:1,1
DA:2,1
DA:10,1
DA:11,3
DA:13,9
DA:14,6
DA:28,1
LF:7
LH:7
BRF:0
BRH:0
end_of_record
TN:
SF:src/components/MixedColorContainer/MixedColorContainer.tsx
FN:13,(anonymous_1)
FNF:1
FNH:1
FNDA:4,(anonymous_1)
DA:1,1
DA:2,1
DA:3,1
DA:4,1
DA:13,1
DA:15,4
DA:18,4
DA:21,4
DA:64,1
LF:9
LH:9
BRDA:18,0,0,1
BRDA:25,1,0,2
BRDA:25,1,1,2
BRDA:30,2,0,4
BRDA:30,2,1,3
BRDA:37,3,0,4
BRDA:37,3,1,3
BRDA:43,4,0,4
BRDA:43,4,1,3
BRDA:51,5,0,4
BRDA:51,5,1,2
BRDA:53,6,0,1
BRDA:53,6,1,1
BRF:13
BRH:13
end_of_record
TN:
SF:src/components/PaintNameSearch/PaintNameSearch.tsx
FN:18,(anonymous_14)
FN:22,(anonymous_15)
FN:30,(anonymous_16)
FN:30,(anonymous_17)
FN:61,(anonymous_18)
FN:82,(anonymous_19)
FN:87,(anonymous_20)
FN:97,(anonymous_21)
FN:101,(anonymous_22)
FN:116,(anonymous_23)
FN:128,(anonymous_24)
FN:134,(anonymous_25)
FNF:12
FNH:12
FNDA:4,(anonymous_14)
FNDA:49,(anonymous_15)
FNDA:13,(anonymous_16)
FNDA:13,(anonymous_17)
FNDA:4,(anonymous_18)
FNDA:2,(anonymous_19)
FNDA:24,(anonymous_20)
FNDA:11,(anonymous_21)
FNDA:12,(anonymous_22)
FNDA:13,(anonymous_23)
FNDA:6,(anonymous_24)
FNDA:1,(anonymous_25)
DA:1,1
DA:2,1
DA:14,1
DA:15,1
DA:16,1
DA:18,1
DA:19,4
DA:22,1
DA:23,49
DA:24,49
DA:25,49
DA:26,49
DA:27,49
DA:28,49
DA:30,49
DA:31,13
DA:32,13
DA:33,2
DA:34,2
DA:35,2
DA:36,2
DA:37,2
DA:40,11
DA:41,1
DA:44,10
DA:45,10
DA:46,10
DA:47,10
DA:49,10
DA:51,10
DA:52,10
DA:53,9
DA:54,1
DA:56,8
DA:57,8
DA:58,1
DA:60,7
DA:61,7
DA:67,7
DA:68,7
DA:69,3
DA:72,2
DA:73,2
DA:76,10
DA:77,9
DA:82,49
DA:83,2
DA:84,2
DA:87,49
DA:88,24
DA:89,12
DA:90,12
DA:91,12
DA:92,12
DA:93,12
DA:94,12
DA:97,12
DA:98,11
DA:101,12
DA:102,12
DA:106,49
DA:116,13
DA:129,6
DA:134,1
DA:150,1
LF:65
LH:65
BRDA:32,0,0,2
BRDA:36,1,0,1
BRDA:36,1,1,1
BRDA:40,2,0,1
BRDA:40,3,0,11
BRDA:40,3,1,11
BRDA:53,4,0,1
BRDA:57,5,0,1
BRDA:60,6,0,5
BRDA:60,6,1,2
BRDA:60,7,0,1
BRDA:60,7,1,6
BRDA:60,8,0,7
BRDA:60,8,1,6
BRDA:68,9,0,3
BRDA:72,10,0,2
BRDA:76,11,0,9
BRDA:88,12,0,12
BRDA:123,13,0,49
BRDA:123,13,1,3
BRDA:124,14,0,49
BRDA:124,14,1,6
BRDA:124,14,2,6
BRDA:126,15,0,49
BRDA:126,15,1,6
BRF:25
BRH:25
end_of_record
TN:
SF:src/components/TargetColorContainer/TargetColorContainer.tsx
FN:18,(anonymous_1)
FN:39,(anonymous_2)
FN:40,(anonymous_3)
FNF:3
FNH:3
FNDA:5,(anonymous_1)
FNDA:1,(anonymous_2)
FNDA:1,(anonymous_3)
DA:1,1
DA:2,1
DA:3,1
DA:4,1
DA:5,1
DA:18,1
DA:26,5
DA:39,1
DA:40,1
DA:58,1
LF:10
LH:10
BRDA:27,0,0,5
BRDA:27,0,1,4
BRDA:31,1,0,3
BRDA:31,1,1,1
BRDA:34,2,0,4
BRDA:34,2,1,2
BRDA:44,3,0,4
BRDA:44,3,1,2
BRF:8
BRH:8
end_of_record
TN:
SF:src/data/hooks/useColorName.tsx
FN:1,(anonymous_7)
FN:1,(anonymous_8)
FNF:2
FNH:2
FNDA:1,(anonymous_7)
FNDA:1,(anonymous_8)
DA:1,1
DA:2,1
DA:3,1
DA:4,1
DA:5,1
DA:7,1
LF:6
LH:6
BRF:0
BRH:0
end_of_record
TN:
SF:src/data/hooks/usePaletteManager.ts
FN:5,(anonymous_0)
FN:9,(anonymous_1)
FN:18,(anonymous_2)
FN:28,(anonymous_3)
FN:36,(anonymous_4)
FN:37,(anonymous_5)
FN:44,(anonymous_6)
FN:51,(anonymous_7)
FN:52,(anonymous_8)
FN:53,(anonymous_9)
FNF:10
FNH:10
FNDA:28,(anonymous_0)
FNDA:1,(anonymous_1)
FNDA:1,(anonymous_2)
FNDA:1,(anonymous_3)
FNDA:1,(anonymous_4)
FNDA:15,(anonymous_5)
FNDA:1,(anonymous_6)
FNDA:1,(anonymous_7)
FNDA:1,(anonymous_8)
FNDA:15,(anonymous_9)
DA:1,1
DA:3,1
DA:5,1
DA:6,28
DA:8,28
DA:10,1
DA:11,1
DA:12,1
DA:17,28
DA:19,1
DA:20,1
DA:21,1
DA:22,1
DA:27,28
DA:29,1
DA:30,1
DA:31,1
DA:36,28
DA:37,15
DA:41,1
DA:44,28
DA:45,1
DA:46,1
DA:47,1
DA:50,28
DA:52,1
DA:53,15
DA:58,1
DA:59,2
DA:60,2
DA:67,1
DA:72,28
DA:84,1
LF:33
LH:33
BRDA:20,0,0,1
BRDA:59,1,0,2
BRF:2
BRH:2
end_of_record
TN:
SF:src/data/hooks/useSwatchAdder.tsx
FN:6,(anonymous_8)
FN:9,(anonymous_9)
FN:9,(anonymous_10)
FN:28,(anonymous_11)
FN:39,(anonymous_12)
FN:41,(anonymous_13)
FNF:6
FNH:6
FNDA:31,(anonymous_8)
FNDA:3,(anonymous_9)
FNDA:3,(anonymous_10)
FNDA:1,(anonymous_11)
FNDA:3,(anonymous_12)
FNDA:17,(anonymous_13)
DA:1,2
DA:2,2
DA:4,2
DA:6,2
DA:7,31
DA:9,31
DA:11,3
DA:13,2
DA:14,2
DA:16,2
DA:19,2
DA:27,2
DA:28,1
DA:31,2
DA:32,2
DA:35,1
DA:39,31
DA:40,3
DA:41,17
DA:44,31
LF:20
LH:20
BRDA:11,0,0,2
BRDA:11,0,1,1
BRDA:16,1,0,2
BRDA:16,1,1,1
BRDA:16,2,0,1
BRDA:16,2,1,1
BRDA:16,3,0,2
BRDA:16,3,1,2
BRDA:27,4,0,1
BRF:9
BRH:9
end_of_record
TN:
SF:src/utils/colorConversion.tsx
FN:13,(anonymous_0)
FN:33,(anonymous_1)
FN:51,(anonymous_2)
FN:60,(anonymous_3)
FN:79,(anonymous_4)
FN:98,(anonymous_5)
FN:116,(anonymous_6)
FN:137,(anonymous_7)
FN:179,(anonymous_8)
FNF:9
FNH:9
FNDA:106,(anonymous_0)
FNDA:6,(anonymous_1)
FNDA:22,(anonymous_2)
FNDA:51,(anonymous_3)
FNDA:66,(anonymous_4)
FNDA:428,(anonymous_5)
FNDA:138,(anonymous_6)
FNDA:134,(anonymous_7)
FNDA:132,(anonymous_8)
DA:13,4
DA:14,106
DA:15,92
DA:16,14
DA:17,12
DA:18,12
DA:19,8
DA:21,4
DA:23,2
DA:33,4
DA:34,6
DA:35,6
DA:36,4
DA:42,2
DA:51,4
DA:52,22
DA:53,22
DA:54,22
DA:56,22
DA:60,22
DA:61,51
DA:62,51
DA:63,51
DA:64,47
DA:65,30
DA:66,19
DA:69,22
DA:70,5
DA:72,17
DA:73,17
DA:74,17
DA:75,17
DA:76,17
DA:79,22
DA:80,66
DA:81,66
DA:85,22
DA:88,22
DA:98,4
DA:99,428
DA:100,340
DA:102,311
DA:103,156
DA:105,155
DA:116,4
DA:118,138
DA:119,138
DA:120,138
DA:123,138
DA:124,138
DA:125,138
DA:128,138
DA:137,4
DA:139,134
DA:140,134
DA:141,134
DA:143,134
DA:144,134
DA:145,134
DA:147,134
DA:148,92
DA:150,42
DA:153,134
DA:154,92
DA:156,42
DA:159,134
DA:160,92
DA:162,42
DA:165,134
DA:166,134
DA:167,134
DA:169,134
DA:179,4
DA:180,132
DA:181,132
DA:182,132
DA:183,132
DA:184,132
DA:185,132
DA:186,132
DA:187,132
DA:189,132
DA:190,132
DA:191,132
DA:192,132
DA:193,132
DA:194,132
DA:196,132
DA:197,132
DA:198,132
DA:200,132
LF:91
LH:91
BRDA:14,0,0,92
BRDA:14,0,1,14
BRDA:14,1,0,106
BRDA:14,1,1,93
BRDA:16,2,0,12
BRDA:16,2,1,2
BRDA:18,3,0,8
BRDA:35,4,0,4
BRDA:61,5,0,3
BRDA:62,6,0,4
BRDA:63,7,0,4
BRDA:64,8,0,17
BRDA:65,9,0,11
BRDA:69,10,0,5
BRDA:69,10,1,17
BRDA:72,11,0,1
BRDA:72,11,1,16
BRDA:81,12,0,12
BRDA:81,12,1,54
BRDA:88,13,0,16
BRDA:88,13,1,6
BRDA:99,14,0,88
BRDA:100,15,0,29
BRDA:102,16,0,156
BRDA:102,16,1,155
BRDA:147,17,0,92
BRDA:147,17,1,42
BRDA:153,18,0,92
BRDA:153,18,1,42
BRDA:159,19,0,92
BRDA:159,19,1,42
BRF:31
BRH:31
end_of_record
TN:
SF:src/utils/extractDominantColors.ts
FN:7,(anonymous_0)
FN:11,(anonymous_1)
FN:28,(anonymous_2)
FN:35,(anonymous_3)
FN:95,(anonymous_4)
FN:111,(anonymous_5)
FN:129,(anonymous_6)
FN:174,(anonymous_7)
FN:179,(anonymous_8)
FN:193,(anonymous_9)
FN:197,(anonymous_10)
FN:201,(anonymous_11)
FN:213,(anonymous_12)
FNF:13
FNH:13
FNDA:33,(anonymous_0)
FNDA:7,(anonymous_1)
FNDA:376,(anonymous_2)
FNDA:6,(anonymous_3)
FNDA:176,(anonymous_4)
FNDA:6,(anonymous_5)
FNDA:8,(anonymous_6)
FNDA:11,(anonymous_7)
FNDA:5,(anonymous_8)
FNDA:11,(anonymous_9)
FNDA:11,(anonymous_10)
FNDA:4,(anonymous_11)
FNDA:11,(anonymous_12)
DA:3,1
DA:4,1
DA:5,1
DA:7,1
DA:8,33
DA:11,1
DA:12,7
DA:13,7
DA:14,7
DA:16,7
DA:17,19
DA:18,19
DA:19,19
DA:20,3
DA:22,16
DA:25,7
DA:28,1
DA:29,376
DA:30,376
DA:31,376
DA:32,376
DA:35,1
DA:36,6
DA:38,6
DA:39,6
DA:40,6
DA:41,6
DA:42,16
DA:43,16
DA:44,16
DA:46,6
DA:52,6
DA:53,6
DA:54,6
DA:55,16
DA:56,16
DA:57,7
DA:58,7
DA:62,6
DA:63,6
DA:65,6
DA:66,6
DA:67,16
DA:70,6
DA:71,5
DA:72,5
DA:73,5
DA:74,14
DA:75,14
DA:76,8
DA:77,8
DA:81,5
DA:82,5
DA:84,5
DA:85,14
DA:86,14
DA:87,7
DA:92,6
DA:95,1
DA:96,176
DA:97,176
DA:99,176
DA:100,330
DA:101,330
DA:102,330
DA:103,253
DA:104,253
DA:108,176
DA:111,1
DA:112,6
DA:113,6
DA:115,6
DA:116,17
DA:117,17
DA:118,17
DA:119,1
DA:121,16
DA:122,16
DA:123,16
DA:126,6
DA:129,1
DA:133,8
DA:134,8
DA:135,1
DA:138,7
DA:139,7
DA:140,1
DA:143,6
DA:144,6
DA:146,6
DA:147,60
DA:148,60
DA:149,60
DA:150,60
DA:152,60
DA:153,160
DA:154,160
DA:155,160
DA:156,160
DA:157,160
DA:158,160
DA:161,60
DA:162,110
DA:163,10
DA:165,100
DA:173,6
DA:174,11
DA:179,6
DA:180,5
DA:181,2
DA:183,3
DA:184,1
DA:186,2
DA:187,1
DA:189,1
DA:192,6
DA:194,11
DA:195,11
DA:197,11
DA:201,1
DA:205,4
DA:206,1
DA:209,3
DA:210,3
DA:211,3
DA:213,11
DA:214,3
DA:215,1
DA:218,2
DA:219,2
DA:220,2
DA:221,7
DA:222,7
DA:223,7
DA:224,2
DA:228,2
DA:229,2
DA:230,2
LF:138
LH:138
BRDA:19,0,0,3
BRDA:56,1,0,7
BRDA:75,2,0,8
BRDA:86,3,0,7
BRDA:102,4,0,253
BRDA:118,5,0,1
BRDA:134,6,0,1
BRDA:134,7,0,8
BRDA:134,7,1,8
BRDA:134,7,2,7
BRDA:139,8,0,1
BRDA:162,9,0,10
BRDA:180,10,0,2
BRDA:183,11,0,1
BRDA:186,12,0,1
BRDA:205,13,0,1
BRDA:209,14,0,2
BRDA:209,14,1,1
BRDA:209,15,0,3
BRDA:209,15,1,3
BRDA:209,16,0,1
BRDA:209,16,1,2
BRDA:209,17,0,3
BRDA:209,17,1,3
BRDA:210,18,0,2
BRDA:210,18,1,1
BRDA:210,19,0,3
BRDA:210,19,1,3
BRDA:210,20,0,1
BRDA:210,20,1,2
BRDA:210,21,0,3
BRDA:210,21,1,3
BRDA:211,22,0,2
BRDA:211,22,1,1
BRDA:211,23,0,3
BRDA:211,23,1,3
BRDA:211,24,0,1
BRDA:211,24,1,2
BRDA:211,25,0,3
BRDA:211,25,1,3
BRDA:214,26,0,1
BRDA:223,27,0,2
BRF:42
BRH:42
end_of_record
TN:
SF:src/utils/rgbStringToHsva.ts
FN:4,(anonymous_1)
FNF:1
FNH:1
FNDA:1,(anonymous_1)
DA:1,1
DA:4,1
DA:5,1
DA:7,1
LF:4
LH:4
BRF:0
BRH:0
end_of_record
TN:
SF:src/utils/suggestRecipe.ts
FN:18,(anonymous_2)
FN:22,(anonymous_3)
FN:27,(anonymous_4)
FN:55,(anonymous_5)
FN:80,(anonymous_6)
FN:93,(anonymous_7)
FN:104,(anonymous_8)
FN:118,(anonymous_9)
FN:126,(anonymous_10)
FN:128,(anonymous_11)
FN:129,(anonymous_12)
FN:131,(anonymous_13)
FN:132,(anonymous_14)
FNF:13
FNH:13
FNDA:89,(anonymous_2)
FNDA:131,(anonymous_3)
FNDA:92,(anonymous_4)
FNDA:91,(anonymous_5)
FNDA:90,(anonymous_6)
FNDA:160,(anonymous_7)
FNDA:7,(anonymous_8)
FNDA:36,(anonymous_9)
FNDA:25,(anonymous_10)
FNDA:12,(anonymous_11)
FNDA:10,(anonymous_12)
FNDA:36,(anonymous_13)
FNDA:22,(anonymous_14)
DA:1,2
DA:2,2
DA:4,2
DA:13,2
DA:14,2
DA:15,2
DA:16,2
DA:18,2
DA:19,89
DA:22,2
DA:23,131
DA:24,131
DA:27,2
DA:31,92
DA:32,92
DA:33,162
DA:36,92
DA:37,1
DA:40,91
DA:41,91
DA:42,162
DA:43,162
DA:44,2
DA:46,160
DA:47,160
DA:48,1120
DA:52,89
DA:55,2
DA:56,91
DA:57,4
DA:60,87
DA:61,87
DA:62,4
DA:65,83
DA:66,14
DA:67,1
DA:69,13
DA:73,1
DA:77,81
DA:80,2
DA:85,90
DA:86,90
DA:87,1
DA:89,89
DA:90,89
DA:91,89
DA:92,89
DA:93,160
DA:95,89
DA:104,2
DA:109,7
DA:110,1
DA:113,6
DA:114,6
DA:116,6
DA:118,36
DA:124,6
DA:126,25
DA:128,12
DA:129,10
DA:131,36
DA:132,22
DA:134,6
DA:135,1
DA:138,5
DA:140,5
DA:141,4
DA:142,19
DA:143,19
DA:144,19
DA:149,5
DA:150,3
DA:151,7
DA:152,5
DA:153,5
DA:154,5
DA:155,20
DA:156,69
DA:157,69
DA:165,69
DA:166,69
DA:174,5
DA:175,2
DA:176,5
DA:177,4
DA:178,1
DA:179,1
DA:180,1
DA:181,1
DA:182,1
DA:183,1
DA:184,1
DA:185,1
DA:194,1
DA:195,1
DA:205,5
DA:206,1
DA:209,4
DA:210,4
DA:213,2
LF:100
LH:100
BRDA:36,0,0,1
BRDA:43,1,0,2
BRDA:56,2,0,4
BRDA:61,3,0,4
BRDA:65,4,0,14
BRDA:66,5,0,1
BRDA:69,6,0,1
BRDA:70,7,0,13
BRDA:70,7,1,13
BRDA:86,8,0,1
BRDA:109,9,0,1
BRDA:113,10,0,4
BRDA:113,10,1,2
BRDA:113,11,0,6
BRDA:113,11,1,6
BRDA:113,12,0,2
BRDA:113,12,1,4
BRDA:113,13,0,6
BRDA:113,13,1,6
BRDA:114,14,0,2
BRDA:114,14,1,4
BRDA:114,15,0,6
BRDA:114,15,1,6
BRDA:114,16,0,2
BRDA:114,16,1,4
BRDA:114,17,0,6
BRDA:114,17,1,6
BRDA:124,18,0,1
BRDA:124,18,1,5
BRDA:126,19,0,25
BRDA:126,19,1,25
BRDA:131,20,0,35
BRDA:131,20,1,1
BRDA:131,21,0,36
BRDA:131,21,1,35
BRDA:134,22,0,1
BRDA:140,23,0,4
BRDA:143,24,0,19
BRDA:149,25,0,3
BRDA:165,26,0,69
BRDA:174,27,0,2
BRDA:194,28,0,1
BRDA:205,29,0,1
BRF:43
BRH:43
end_of_record
TN:
SF:src/utils/palettes/defaultPalette.tsx
FNF:0
FNH:0
DA:1,1
LF:1
LH:1
BRF:0
BRH:0
end_of_record
